This is pdfTeX, Version 3.141592-1.40.3 (Web2C 7.5.6) (format=pdflatex 2008.6.21)  22 OCT 2008 13:18
entering extended mode
**fisica_linux.tex
(./fisica_linux.tex
LaTeX2e <2005/12/01>
Babel <v3.8h> and hyphenation patterns for english, usenglishmax, dumylang, noh
yphenation, basque, bulgarian, coptic, welsh, czech, slovak, german, ngerman, d
anish, esperanto, spanish, catalan, galician, estonian, finnish, french, greek,
 monogreek, ancientgreek, croatian, hungarian, interlingua, ibycus, indonesian,
 icelandic, italian, latin, mongolian, dutch, norsk, polish, portuguese, romani
an, russian, slovenian, uppersorbian, serbian, swedish, turkish, ukenglish, ukr
ainian, loaded.
*******************************************************************************
*****************
RENDERING RIASSUNTI DI FISICA INIZIATO
*******************************************************************************
*****************
Qualcuno, non sapendo verso quali disgrazie va incontro, si accinge a renderizz
are: buona fortuna!



(/usr/share/texmf/tex/latex/base/book.cls
Document Class: book 2005/09/16 v1.4f Standard LaTeX document class
(/usr/share/texmf/tex/latex/base/bk12.clo
File: bk12.clo 2005/09/16 v1.4f Standard LaTeX file (size option)
)
\c@part=\count79
\c@chapter=\count80
\c@section=\count81
\c@subsection=\count82
\c@subsubsection=\count83
\c@paragraph=\count84
\c@subparagraph=\count85
\c@figure=\count86
\c@table=\count87
\abovecaptionskip=\skip41
\belowcaptionskip=\skip42
\bibindent=\dimen102
)
(/usr/share/texmf/tex/generic/oberdiek/ifpdf.sty
Package: ifpdf 2006/02/20 v1.4 Provides the ifpdf switch (HO)
Package ifpdf Info: pdfTeX in pdf mode detected.
)
RENDERING PDF DIRETTO - PDF - PDF - PDF
(/usr/share/texmf/tex/latex/graphics/graphicx.sty
Package: graphicx 1999/02/16 v1.0f Enhanced LaTeX Graphics (DPC,SPQR)

(/usr/share/texmf/tex/latex/graphics/keyval.sty
Package: keyval 1999/03/16 v1.13 key=value parser (DPC)
\KV@toks@=\toks14
)
(/usr/share/texmf/tex/latex/graphics/graphics.sty
Package: graphics 2006/02/20 v1.0o Standard LaTeX Graphics (DPC,SPQR)

(/usr/share/texmf/tex/latex/graphics/trig.sty
Package: trig 1999/03/16 v1.09 sin cos tan (DPC)
)
(/usr/lib/texmf/tex/latex/config/graphics.cfg
File: graphics.cfg 2007/01/18 v1.5 graphics configuration of teTeX/TeXLive
)
Package graphics Info: Driver file: pdftex.def on input line 90.

(/usr/share/texmf/tex/latex/pdftex-def/pdftex.def
File: pdftex.def 2007/01/08 v0.04d Graphics/color for pdfTeX
\Gread@gobject=\count88
))
\Gin@req@height=\dimen103
\Gin@req@width=\dimen104
)
(/usr/share/texmf/tex/latex/hyperref/hyperref.sty
Package: hyperref 2007/02/07 v6.75r Hypertext links for LaTeX
\@linkdim=\dimen105
\Hy@linkcounter=\count89
\Hy@pagecounter=\count90

(/usr/share/texmf/tex/latex/hyperref/pd1enc.def
File: pd1enc.def 2007/02/07 v6.75r Hyperref: PDFDocEncoding definition (HO)
)
(/usr/lib/texmf/tex/latex/config/hyperref.cfg
File: hyperref.cfg 2002/06/06 v1.2 hyperref configuration of TeXLive
)
(/usr/share/texmf/tex/latex/oberdiek/kvoptions.sty
Package: kvoptions 2006/08/22 v2.4 Connects package keyval with LaTeX options (
HO)
)
Package hyperref Info: Option `hyperindex' set `true' on input line 2238.
Package hyperref Info: Option `colorlinks' set `true' on input line 2238.
Package hyperref Info: Hyper figures OFF on input line 2288.
Package hyperref Info: Link nesting OFF on input line 2293.
Package hyperref Info: Hyper index ON on input line 2296.
Package hyperref Info: Plain pages OFF on input line 2303.
Package hyperref Info: Backreferencing OFF on input line 2308.

Implicit mode ON; LaTeX internals redefined
Package hyperref Info: Bookmarks ON on input line 2444.
(/usr/share/texmf/tex/latex/ltxmisc/url.sty
\Urlmuskip=\muskip10
Package: url 2005/06/27  ver 3.2  Verb mode for urls, etc.
)
LaTeX Info: Redefining \url on input line 2599.
\Fld@menulength=\count91
\Field@Width=\dimen106
\Fld@charsize=\dimen107
\Choice@toks=\toks15
\Field@toks=\toks16
Package hyperref Info: Hyper figures OFF on input line 3102.
Package hyperref Info: Link nesting OFF on input line 3107.
Package hyperref Info: Hyper index ON on input line 3110.
Package hyperref Info: backreferencing OFF on input line 3117.
Package hyperref Info: Link coloring ON on input line 3120.
\Hy@abspage=\count92
\c@Item=\count93
\c@Hfootnote=\count94
)
*hyperref using driver hpdftex*
(/usr/share/texmf/tex/latex/hyperref/hpdftex.def
File: hpdftex.def 2007/02/07 v6.75r Hyperref driver for pdfTeX
\Fld@listcount=\count95
)

Package hyperref Warning: Values of option `pdfpagemode':
(hyperref)                * `UseNone'
(hyperref)                * `UseOutlines'
(hyperref)                * `UseThumbs'
(hyperref)                * `FullScreen'
(hyperref)                * `UseOC' (PDF 1.5)
(hyperref)                * `UseAttachments' (PDF 1.6)
(hyperref)                * An empty value disables the option.
(hyperref)                Unknown value `Continous' on input line 28.



(./TeX/packages.tex (/usr/share/texmf/tex/latex/base/inputenc.sty
Package: inputenc 2006/05/05 v1.1b Input encoding file
\inpenc@prehook=\toks17
\inpenc@posthook=\toks18

(/usr/share/texmf/tex/latex/base/utf8.def
File: utf8.def 2006/03/30 v1.1i UTF-8 support for inputenc
Now handling font encoding OML ...
... no UTF-8 mapping file for font encoding OML
Now handling font encoding T1 ...
... processing UTF-8 mapping file for font encodingT1

(/usr/share/texmf/tex/latex/base/t1enc.dfu
File: t1enc.dfu 2006/03/30 v1.1i UTF-8 support for inputenc
   defining Unicode char U+00A1 (decimal 161)
   defining Unicode char U+00A3 (decimal 163)
   defining Unicode char U+00AB (decimal 171)
   defining Unicode char U+00BB (decimal 187)
   defining Unicode char U+00BF (decimal 191)
   defining Unicode char U+00C0 (decimal 192)
   defining Unicode char U+00C1 (decimal 193)
   defining Unicode char U+00C2 (decimal 194)
   defining Unicode char U+00C3 (decimal 195)
   defining Unicode char U+00C4 (decimal 196)
   defining Unicode char U+00C5 (decimal 197)
   defining Unicode char U+00C6 (decimal 198)
   defining Unicode char U+00C7 (decimal 199)
   defining Unicode char U+00C8 (decimal 200)
   defining Unicode char U+00C9 (decimal 201)
   defining Unicode char U+00CA (decimal 202)
   defining Unicode char U+00CB (decimal 203)
   defining Unicode char U+00CC (decimal 204)
   defining Unicode char U+00CD (decimal 205)
   defining Unicode char U+00CE (decimal 206)
   defining Unicode char U+00CF (decimal 207)
   defining Unicode char U+00D0 (decimal 208)
   defining Unicode char U+00D1 (decimal 209)
   defining Unicode char U+00D2 (decimal 210)
   defining Unicode char U+00D3 (decimal 211)
   defining Unicode char U+00D4 (decimal 212)
   defining Unicode char U+00D5 (decimal 213)
   defining Unicode char U+00D6 (decimal 214)
   defining Unicode char U+00D8 (decimal 216)
   defining Unicode char U+00D9 (decimal 217)
   defining Unicode char U+00DA (decimal 218)
   defining Unicode char U+00DB (decimal 219)
   defining Unicode char U+00DC (decimal 220)
   defining Unicode char U+00DD (decimal 221)
   defining Unicode char U+00DE (decimal 222)
   defining Unicode char U+00DF (decimal 223)
   defining Unicode char U+00E0 (decimal 224)
   defining Unicode char U+00E1 (decimal 225)
   defining Unicode char U+00E2 (decimal 226)
   defining Unicode char U+00E3 (decimal 227)
   defining Unicode char U+00E4 (decimal 228)
   defining Unicode char U+00E5 (decimal 229)
   defining Unicode char U+00E6 (decimal 230)
   defining Unicode char U+00E7 (decimal 231)
   defining Unicode char U+00E8 (decimal 232)
   defining Unicode char U+00E9 (decimal 233)
   defining Unicode char U+00EA (decimal 234)
   defining Unicode char U+00EB (decimal 235)
   defining Unicode char U+00EC (decimal 236)
   defining Unicode char U+00ED (decimal 237)
   defining Unicode char U+00EE (decimal 238)
   defining Unicode char U+00EF (decimal 239)
   defining Unicode char U+00F0 (decimal 240)
   defining Unicode char U+00F1 (decimal 241)
   defining Unicode char U+00F2 (decimal 242)
   defining Unicode char U+00F3 (decimal 243)
   defining Unicode char U+00F4 (decimal 244)
   defining Unicode char U+00F5 (decimal 245)
   defining Unicode char U+00F6 (decimal 246)
   defining Unicode char U+00F8 (decimal 248)
   defining Unicode char U+00F9 (decimal 249)
   defining Unicode char U+00FA (decimal 250)
   defining Unicode char U+00FB (decimal 251)
   defining Unicode char U+00FC (decimal 252)
   defining Unicode char U+00FD (decimal 253)
   defining Unicode char U+00FE (decimal 254)
   defining Unicode char U+00FF (decimal 255)
   defining Unicode char U+0102 (decimal 258)
   defining Unicode char U+0103 (decimal 259)
   defining Unicode char U+0104 (decimal 260)
   defining Unicode char U+0105 (decimal 261)
   defining Unicode char U+0106 (decimal 262)
   defining Unicode char U+0107 (decimal 263)
   defining Unicode char U+010C (decimal 268)
   defining Unicode char U+010D (decimal 269)
   defining Unicode char U+010E (decimal 270)
   defining Unicode char U+010F (decimal 271)
   defining Unicode char U+0110 (decimal 272)
   defining Unicode char U+0111 (decimal 273)
   defining Unicode char U+0118 (decimal 280)
   defining Unicode char U+0119 (decimal 281)
   defining Unicode char U+011A (decimal 282)
   defining Unicode char U+011B (decimal 283)
   defining Unicode char U+011E (decimal 286)
   defining Unicode char U+011F (decimal 287)
   defining Unicode char U+0130 (decimal 304)
   defining Unicode char U+0131 (decimal 305)
   defining Unicode char U+0132 (decimal 306)
   defining Unicode char U+0133 (decimal 307)
   defining Unicode char U+0139 (decimal 313)
   defining Unicode char U+013A (decimal 314)
   defining Unicode char U+013D (decimal 317)
   defining Unicode char U+013E (decimal 318)
   defining Unicode char U+0141 (decimal 321)
   defining Unicode char U+0142 (decimal 322)
   defining Unicode char U+0143 (decimal 323)
   defining Unicode char U+0144 (decimal 324)
   defining Unicode char U+0147 (decimal 327)
   defining Unicode char U+0148 (decimal 328)
   defining Unicode char U+014A (decimal 330)
   defining Unicode char U+014B (decimal 331)
   defining Unicode char U+0150 (decimal 336)
   defining Unicode char U+0151 (decimal 337)
   defining Unicode char U+0152 (decimal 338)
   defining Unicode char U+0153 (decimal 339)
   defining Unicode char U+0154 (decimal 340)
   defining Unicode char U+0155 (decimal 341)
   defining Unicode char U+0158 (decimal 344)
   defining Unicode char U+0159 (decimal 345)
   defining Unicode char U+015A (decimal 346)
   defining Unicode char U+015B (decimal 347)
   defining Unicode char U+015E (decimal 350)
   defining Unicode char U+015F (decimal 351)
   defining Unicode char U+0160 (decimal 352)
   defining Unicode char U+0161 (decimal 353)
   defining Unicode char U+0162 (decimal 354)
   defining Unicode char U+0163 (decimal 355)
   defining Unicode char U+0164 (decimal 356)
   defining Unicode char U+0165 (decimal 357)
   defining Unicode char U+016E (decimal 366)
   defining Unicode char U+016F (decimal 367)
   defining Unicode char U+0170 (decimal 368)
   defining Unicode char U+0171 (decimal 369)
   defining Unicode char U+0178 (decimal 376)
   defining Unicode char U+0179 (decimal 377)
   defining Unicode char U+017A (decimal 378)
   defining Unicode char U+017B (decimal 379)
   defining Unicode char U+017C (decimal 380)
   defining Unicode char U+017D (decimal 381)
   defining Unicode char U+017E (decimal 382)
   defining Unicode char U+200C (decimal 8204)
   defining Unicode char U+2013 (decimal 8211)
   defining Unicode char U+2014 (decimal 8212)
   defining Unicode char U+2018 (decimal 8216)
   defining Unicode char U+2019 (decimal 8217)
   defining Unicode char U+201A (decimal 8218)
   defining Unicode char U+201C (decimal 8220)
   defining Unicode char U+201D (decimal 8221)
   defining Unicode char U+201E (decimal 8222)
   defining Unicode char U+2030 (decimal 8240)
   defining Unicode char U+2031 (decimal 8241)
   defining Unicode char U+2039 (decimal 8249)
   defining Unicode char U+203A (decimal 8250)
   defining Unicode char U+2423 (decimal 9251)
)
Now handling font encoding OT1 ...
... processing UTF-8 mapping file for font encodingOT1

(/usr/share/texmf/tex/latex/base/ot1enc.dfu
File: ot1enc.dfu 2006/03/30 v1.1i UTF-8 support for inputenc
   defining Unicode char U+00A1 (decimal 161)
   defining Unicode char U+00A3 (decimal 163)
   defining Unicode char U+00B8 (decimal 184)
   defining Unicode char U+00BF (decimal 191)
   defining Unicode char U+00C5 (decimal 197)
   defining Unicode char U+00C6 (decimal 198)
   defining Unicode char U+00D8 (decimal 216)
   defining Unicode char U+00DF (decimal 223)
   defining Unicode char U+00E6 (decimal 230)
   defining Unicode char U+00EC (decimal 236)
   defining Unicode char U+00ED (decimal 237)
   defining Unicode char U+00EE (decimal 238)
   defining Unicode char U+00EF (decimal 239)
   defining Unicode char U+00F8 (decimal 248)
   defining Unicode char U+0131 (decimal 305)
   defining Unicode char U+0141 (decimal 321)
   defining Unicode char U+0142 (decimal 322)
   defining Unicode char U+0152 (decimal 338)
   defining Unicode char U+0153 (decimal 339)
   defining Unicode char U+2013 (decimal 8211)
   defining Unicode char U+2014 (decimal 8212)
   defining Unicode char U+2018 (decimal 8216)
   defining Unicode char U+2019 (decimal 8217)
   defining Unicode char U+201C (decimal 8220)
   defining Unicode char U+201D (decimal 8221)
)
Now handling font encoding OMS ...
... processing UTF-8 mapping file for font encodingOMS

(/usr/share/texmf/tex/latex/base/omsenc.dfu
File: omsenc.dfu 2006/03/30 v1.1i UTF-8 support for inputenc
   defining Unicode char U+00A7 (decimal 167)
   defining Unicode char U+00B6 (decimal 182)
   defining Unicode char U+00B7 (decimal 183)
   defining Unicode char U+2020 (decimal 8224)
   defining Unicode char U+2021 (decimal 8225)
   defining Unicode char U+2022 (decimal 8226)
)
Now handling font encoding OMX ...
... no UTF-8 mapping file for font encoding OMX
Now handling font encoding U ...
... no UTF-8 mapping file for font encoding U
Now handling font encoding PD1 ...
... no UTF-8 mapping file for font encoding PD1
   defining Unicode char U+00A9 (decimal 169)
   defining Unicode char U+00AA (decimal 170)
   defining Unicode char U+00AE (decimal 174)
   defining Unicode char U+00BA (decimal 186)
   defining Unicode char U+02C6 (decimal 710)
   defining Unicode char U+02DC (decimal 732)
   defining Unicode char U+200C (decimal 8204)
   defining Unicode char U+2026 (decimal 8230)
   defining Unicode char U+2122 (decimal 8482)
   defining Unicode char U+2423 (decimal 9251)
))
(/usr/share/texmf/tex/generic/babel/babel.sty
Package: babel 2005/11/23 v3.8h The Babel package

(/usr/share/texmf/tex/generic/babel/italian.ldf
Language: italian 2005/11/17 v1.2r Italian support from the babel system

(/usr/share/texmf/tex/generic/babel/babel.def
File: babel.def 2005/11/23 v3.8h Babel common definitions
\babel@savecnt=\count96
\U@D=\dimen108
)
Package babel Info: Making " an active character on input line 91.
Now handling font encoding LGR ...
... no UTF-8 mapping file for font encoding LGR
))
(/usr/share/texmf/tex/latex/quotchap/quotchap.sty
Package: quotchap 1998/02/09 v0.9f Decorative Chapter Headings with Quotes

(/usr/share/texmf/tex/latex/graphics/color.sty
Package: color 2005/11/14 v1.0j Standard LaTeX Color (DPC)

(/usr/lib/texmf/tex/latex/config/color.cfg
File: color.cfg 2007/01/18 v1.5 color configuration of teTeX/TeXLive
)
Package color Info: Driver file: pdftex.def on input line 130.
)
\@quotebox=\box26
)
(/usr/share/texmf/tex/latex/tools/bm.sty
Package: bm 2004/02/26 v1.1c Bold Symbol Support (DPC/FMi)
\symboldoperators=\mathgroup4
\symboldletters=\mathgroup5
\symboldsymbols=\mathgroup6
LaTeX Font Info:    Redeclaring math alphabet \mathbf on input line 137.
LaTeX Info: Redefining \bm on input line 203.
)
(/usr/share/texmf/tex/latex/amsfonts/amsfonts.sty
Package: amsfonts 2001/10/25 v2.2f
\@emptytoks=\toks19
\symAMSa=\mathgroup7
\symAMSb=\mathgroup8
LaTeX Font Info:    Overwriting math alphabet `\mathfrak' in version `bold'
(Font)                  U/euf/m/n --> U/euf/b/n on input line 132.
)
(/usr/share/texmf/tex/latex/amsmath/amstext.sty
Package: amstext 2000/06/29 v2.01

(/usr/share/texmf/tex/latex/amsmath/amsgen.sty
File: amsgen.sty 1999/11/30 v2.0
\@emptytoks=\toks20
\ex@=\dimen109
))
(/usr/share/texmf/tex/latex/amsmath/amsmath.sty
Package: amsmath 2000/07/18 v2.13 AMS math features
\@mathmargin=\skip43

For additional information on amsmath, use the `?' option.
(/usr/share/texmf/tex/latex/amsmath/amsbsy.sty
Package: amsbsy 1999/11/29 v1.2d
LaTeX Info: Redefining \boldsymbol on input line 54.
\pmbraise@=\dimen110
)
(/usr/share/texmf/tex/latex/amsmath/amsopn.sty
Package: amsopn 1999/12/14 v2.01 operator names
)
\inf@bad=\count97
LaTeX Info: Redefining \frac on input line 211.
\uproot@=\count98
\leftroot@=\count99
LaTeX Info: Redefining \overline on input line 307.
\classnum@=\count100
\DOTSCASE@=\count101
LaTeX Info: Redefining \ldots on input line 379.
LaTeX Info: Redefining \dots on input line 382.
LaTeX Info: Redefining \cdots on input line 467.
\Mathstrutbox@=\box27
\strutbox@=\box28
\big@size=\dimen111
LaTeX Font Info:    Redeclaring font encoding OML on input line 567.
LaTeX Font Info:    Redeclaring font encoding OMS on input line 568.
\macc@depth=\count102
\c@MaxMatrixCols=\count103
\dotsspace@=\muskip11
\c@parentequation=\count104
\dspbrk@lvl=\count105
\tag@help=\toks21
\row@=\count106
\column@=\count107
\maxfields@=\count108
\andhelp@=\toks22
\eqnshift@=\dimen112
\alignsep@=\dimen113
\tagshift@=\dimen114
\tagwidth@=\dimen115
\totwidth@=\dimen116
\lineht@=\dimen117
\@envbody=\toks23
\multlinegap=\skip44
\multlinetaggap=\skip45
\mathdisplay@stack=\toks24
LaTeX Info: Redefining \[ on input line 2666.
LaTeX Info: Redefining \] on input line 2667.
)
(/usr/share/texmf/tex/latex/amsfonts/amssymb.sty
Package: amssymb 2002/01/22 v2.2d
)
(/usr/share/texmf/tex/latex/SIunits/SIunits.sty
Package: SIunits 2002/08/01 v1.33 Support for the International System of units
 (MH)


\@qskwidth=\skip46
Now handling font encoding TS1 ...
... processing UTF-8 mapping file for font encoding TS1
(/usr/share/texmf/tex/latex/base/ts1enc.dfu
File: ts1enc.dfu 2006/03/30 v1.1i UTF-8 support for inputenc
   defining Unicode char U+00A2 (decimal 162)
   defining Unicode char U+00A3 (decimal 163)
   defining Unicode char U+00A4 (decimal 164)
   defining Unicode char U+00A5 (decimal 165)
   defining Unicode char U+00A6 (decimal 166)
   defining Unicode char U+00A7 (decimal 167)
   defining Unicode char U+00A8 (decimal 168)
   defining Unicode char U+00A9 (decimal 169)
   defining Unicode char U+00AA (decimal 170)
   defining Unicode char U+00AC (decimal 172)
   defining Unicode char U+00AE (decimal 174)
   defining Unicode char U+00AF (decimal 175)
   defining Unicode char U+00B0 (decimal 176)
   defining Unicode char U+00B1 (decimal 177)
   defining Unicode char U+00B2 (decimal 178)
   defining Unicode char U+00B3 (decimal 179)
   defining Unicode char U+00B4 (decimal 180)
   defining Unicode char U+00B5 (decimal 181)
   defining Unicode char U+00B6 (decimal 182)
   defining Unicode char U+00B7 (decimal 183)
   defining Unicode char U+00B9 (decimal 185)
   defining Unicode char U+00BA (decimal 186)
   defining Unicode char U+00BC (decimal 188)
   defining Unicode char U+00BD (decimal 189)
   defining Unicode char U+00BE (decimal 190)
   defining Unicode char U+00D7 (decimal 215)
   defining Unicode char U+00F7 (decimal 247)
   defining Unicode char U+0192 (decimal 402)
   defining Unicode char U+02C7 (decimal 711)
   defining Unicode char U+02D8 (decimal 728)
   defining Unicode char U+02DD (decimal 733)
   defining Unicode char U+0E3F (decimal 3647)
   defining Unicode char U+2016 (decimal 8214)
   defining Unicode char U+2020 (decimal 8224)
   defining Unicode char U+2021 (decimal 8225)
   defining Unicode char U+2022 (decimal 8226)
   defining Unicode char U+2030 (decimal 8240)
   defining Unicode char U+2031 (decimal 8241)
   defining Unicode char U+203B (decimal 8251)
   defining Unicode char U+203D (decimal 8253)
   defining Unicode char U+2044 (decimal 8260)
   defining Unicode char U+204E (decimal 8270)
   defining Unicode char U+2052 (decimal 8274)
   defining Unicode char U+20A1 (decimal 8353)
   defining Unicode char U+20A4 (decimal 8356)
   defining Unicode char U+20A6 (decimal 8358)
   defining Unicode char U+20A9 (decimal 8361)
   defining Unicode char U+20AB (decimal 8363)
   defining Unicode char U+20AC (decimal 8364)
   defining Unicode char U+20B1 (decimal 8369)
   defining Unicode char U+2103 (decimal 8451)
   defining Unicode char U+2116 (decimal 8470)
   defining Unicode char U+2117 (decimal 8471)
   defining Unicode char U+211E (decimal 8478)
   defining Unicode char U+2120 (decimal 8480)
   defining Unicode char U+2122 (decimal 8482)
   defining Unicode char U+2126 (decimal 8486)
   defining Unicode char U+2127 (decimal 8487)
   defining Unicode char U+212E (decimal 8494)
   defining Unicode char U+2190 (decimal 8592)
   defining Unicode char U+2191 (decimal 8593)
   defining Unicode char U+2192 (decimal 8594)
   defining Unicode char U+2193 (decimal 8595)
   defining Unicode char U+2329 (decimal 9001)
   defining Unicode char U+232A (decimal 9002)
   defining Unicode char U+2422 (decimal 9250)
   defining Unicode char U+25E6 (decimal 9702)
   defining Unicode char U+25EF (decimal 9711)
   defining Unicode char U+266A (decimal 9834)
)
\symgreek=\mathgroup9

(/usr/share/texmf/tex/latex/SIunits/SIunits.cfg)
Option `squaren' provided!
Option `italian' provided!
) (/usr/share/texmf/tex/latex/base/makeidx.sty
Package: makeidx 2000/03/29 v1.0m Standard LaTeX package
)
(/usr/share/texmf/tex/latex/subfigure/subfigure.sty
Package: subfigure 2002/03/15 v2.1.5 subfigure package
\subfigtopskip=\skip47
\subfigcapskip=\skip48
\subfigcaptopadj=\dimen118
\subfigbottomskip=\skip49
\subfigcapmargin=\dimen119
\subfiglabelskip=\skip50
\c@subfigure=\count109
\c@lofdepth=\count110
\c@subtable=\count111
\c@lotdepth=\count112

****************************************
* Local config file subfigure.cfg used *
****************************************
(/usr/share/texmf/tex/latex/subfigure/subfigure.cfg)
\subfig@top=\skip51
\subfig@bottom=\skip52
)
(/usr/share/texmf/tex/latex/wrapfig/wrapfig.sty
\wrapoverhang=\dimen120
\WF@size=\dimen121
\c@WF@wrappedlines=\count113
\WF@box=\box29
\WF@everypar=\toks25
Package: wrapfig 2003/01/31  v 3.6
)
(/usr/share/texmf/tex/latex/tools/theorem.sty
Package: theorem 1995/11/23 v2.2c Theorem extension package (FMi)
\theorem@style=\toks26
\theorem@bodyfont=\toks27
\theorempreskipamount=\skip53
\theorempostskipamount=\skip54

(/usr/share/texmf/tex/latex/tools/thp.sty
File: thp.sty 1995/11/23 v2.2c Theorem extension package (FMi)
))
(/usr/share/texmf/tex/latex/fancyhdr/fancyhdr.sty
\fancy@headwidth=\skip55
\f@ncyO@elh=\skip56
\f@ncyO@erh=\skip57
\f@ncyO@olh=\skip58
\f@ncyO@orh=\skip59
\f@ncyO@elf=\skip60
\f@ncyO@erf=\skip61
\f@ncyO@olf=\skip62
\f@ncyO@orf=\skip63
)
(/usr/share/texmf/tex/latex/base/syntonly.sty
Package: syntonly 1999/09/17 v2.1e Standard LaTeX2e package
)
(/usr/share/texmf/tex/generic/xypic/xy.sty
(/usr/share/texmf/tex/generic/xypic/xy.tex Bootstrap'ing: catcodes, docmode,
(/usr/share/texmf/tex/generic/xypic/xyrecat.tex)
(/usr/share/texmf/tex/generic/xypic/xyidioms.tex)

 Xy-pic version 3.7 <1999/02/16>
 Copyright (c) 1991-1998 by Kristoffer H. Rose <krisrose@ens-lyon.fr>
 Xy-pic is free software: see the User's Guide for details.

Loading kernel: messages; fonts; allocations: state,
\X@c=\dimen122
\Y@c=\dimen123
\U@c=\dimen124
\D@c=\dimen125
\L@c=\dimen126
\R@c=\dimen127
\Edge@c=\toks28
\X@p=\dimen128
\Y@p=\dimen129
\U@p=\dimen130
\D@p=\dimen131
\L@p=\dimen132
\R@p=\dimen133
\Edge@p=\toks29
\X@origin=\dimen134
\Y@origin=\dimen135
\X@xbase=\dimen136
\Y@xbase=\dimen137
\X@ybase=\dimen138
\Y@ybase=\dimen139
\X@min=\dimen140
\Y@min=\dimen141
\X@max=\dimen142
\Y@max=\dimen143
\lastobjectbox@=\box30
\zerodotbox@=\box31
\almostz@=\dimen144
 direction,
\d@X=\dimen145
\d@Y=\dimen146
\K@=\count114
\KK@=\count115
\Direction=\count116
\K@dXdY=\dimen147
\K@dYdX=\dimen148
\xyread@=\read1
\xywrite@=\write3
\csp@=\count117
\quotPTK@=\dimen149

utility macros; pictures: \xy, positions,
\swaptoks@@=\toks30
\connectobjectbox@@=\box32
 objects,
\styletoks@=\toks31
 decorations;
kernel objects: directionals, circles, text; options; algorithms: directions,
edges, connections;  Xy-pic loaded)
Package: xy 1999/02/16 Xy-pic version 3.7

(/usr/share/texmf/tex/generic/xypic/xyall.tex
 Xy-pic option: All features v.3.3
(/usr/share/texmf/tex/generic/xypic/xycurve.tex
 Xy-pic option: Curve and Spline extension v.3.7 curve,
\crv@cnt@=\count118
\crvpts@=\toks32
\splinebox@=\box33
\splineval@=\dimen150
\splinedepth@=\dimen151
\splinetol@=\dimen152
\splinelength@=\dimen153
 circles,
\L@=\dimen154
 loaded)
(/usr/share/texmf/tex/generic/xypic/xyframe.tex
 Xy-pic option: Frame and Bracket extension v.3.7 loaded)
(/usr/share/texmf/tex/generic/xypic/xycmtip.tex
 Xy-pic option: Computer Modern tip extension v.3.3
(/usr/share/texmf/tex/generic/xypic/xytips.tex
 Xy-pic option: More Tips extension v.3.3 loaded) loaded)
(/usr/share/texmf/tex/generic/xypic/xyline.tex
 Xy-pic option: Line styles extension v.3.6
\xylinethick@=\dimen155
 loaded)
(/usr/share/texmf/tex/generic/xypic/xyrotate.tex
 Xy-pic option: Rotate and Scale extension v.3.3 loaded)
(/usr/share/texmf/tex/generic/xypic/xycolor.tex
 Xy-pic option: Colour extension v.3.3 loaded)
(/usr/share/texmf/tex/generic/xypic/xymatrix.tex
 Xy-pic option: Matrix feature v.3.4
\Row=\count119
\Col=\count120
\queue@=\toks33
\queue@@=\toks34
\qcount@=\count121
\qcount@@=\count122
\matrixsize@=\count123
 loaded)
(/usr/share/texmf/tex/generic/xypic/xyarrow.tex
 Xy-pic option: Arrow and Path feature v.3.5 path, \ar, loaded)
(/usr/share/texmf/tex/generic/xypic/xygraph.tex
 Xy-pic option: Graph feature v.3.7 loaded) loaded)))
(/usr/share/texmf/tex/latex/xmpincl/xmpincl.sty
Package: xmpincl 2005/02/15 v2.1 Include XMP data in pdflatex

(/usr/share/texmf/tex/latex/base/ifthen.sty
Package: ifthen 2001/05/26 v1.1c Standard LaTeX ifthen package (DPC)
)) (./TeX/math_op.tex)
\c@legge=\count124
\c@post=\count125
\c@Teo=\count126
\c@Pri=\count127
\c@Cor=\count128
\c@Def=\count129
\c@Es=\count130

(./TeX/new_unit.tex)
\xmpinclWrite=\write4
\xmpinclRead=\read2
\openout4 = `metadata.xmpi'.

<<metadata.xmpi>>
\@indexfile=\write5
\openout5 = `fisica_linux.idx'.


Writing index file fisica_linux.idx
(./fisica_linux.aux (./TeX/fisica1_1modulo.aux) (./TeX/fisica1_2modulo.aux)
(./TeX/fisica2.aux) (./TeX/fisica3.aux))
\openout1 = `fisica_linux.aux'.

LaTeX Font Info:    Checking defaults for OML/cmm/m/it on input line 95.
LaTeX Font Info:    ... okay on input line 95.
LaTeX Font Info:    Checking defaults for T1/cmr/m/n on input line 95.
LaTeX Font Info:    ... okay on input line 95.
LaTeX Font Info:    Checking defaults for OT1/cmr/m/n on input line 95.
LaTeX Font Info:    ... okay on input line 95.
LaTeX Font Info:    Checking defaults for OMS/cmsy/m/n on input line 95.
LaTeX Font Info:    ... okay on input line 95.
LaTeX Font Info:    Checking defaults for OMX/cmex/m/n on input line 95.
LaTeX Font Info:    ... okay on input line 95.
LaTeX Font Info:    Checking defaults for U/cmr/m/n on input line 95.
LaTeX Font Info:    ... okay on input line 95.
LaTeX Font Info:    Checking defaults for PD1/pdf/m/n on input line 95.
LaTeX Font Info:    ... okay on input line 95.
LaTeX Font Info:    Checking defaults for LGR/cmr/m/n on input line 95.
LaTeX Font Info:    Try loading font information for LGR+cmr on input line 95.

(/usr/share/texmf/tex/generic/babel/lgrcmr.fd
File: lgrcmr.fd 2001/01/30 v2.2e Greek Computer Modern
)
LaTeX Font Info:    ... okay on input line 95.
LaTeX Font Info:    Checking defaults for TS1/cmr/m/n on input line 95.
LaTeX Font Info:    Try loading font information for TS1+cmr on input line 95.

(/usr/share/texmf/tex/latex/base/ts1cmr.fd
File: ts1cmr.fd 1999/05/25 v2.5h Standard LaTeX font definitions
)
LaTeX Font Info:    ... okay on input line 95.

(/usr/share/texmf/tex/context/base/supp-pdf.tex
[Loading MPS to PDF converter (version 2006.09.02).]
\scratchcounter=\count131
\scratchdimen=\dimen156
\scratchbox=\box34
\nofMPsegments=\count132
\nofMParguments=\count133
\MPscratchCnt=\count134
\MPscratchDim=\dimen157
\MPnumerator=\count135
\everyMPtoPDFconversion=\toks35
)
Package hyperref Info: Link coloring ON on input line 95.
 (/usr/share/texmf/tex/latex/hyperref/nameref.sty
Package: nameref 2006/12/27 v2.28 Cross-referencing by name of section

(/usr/share/texmf/tex/latex/oberdiek/refcount.sty
Package: refcount 2006/02/20 v3.0 Data extraction from references (HO)
)
\c@section@level=\count136
)
LaTeX Info: Redefining \ref on input line 95.
LaTeX Info: Redefining \pageref on input line 95.
 (./fisica_linux.out)
(./fisica_linux.out)
\@outlinefile=\write6
\openout6 = `fisica_linux.out'.


Option `squaren' provided! 
 Command \squaren defined by SIunits package!


Package SIunits Warning: Option `italian' provided.
(SIunits)                Command \unit defined by babel.
(SIunits)                Mind to use \unita instead. on input line 95.

(./TeX/titolo.tex
\centeroffset=\skip64
LaTeX Font Info:    Try loading font information for U+msa on input line 14.
 (/usr/share/texmf/tex/latex/amsfonts/umsa.fd
File: umsa.fd 2002/01/19 v2.2g AMS font definitions
)
LaTeX Font Info:    Try loading font information for U+msb on input line 14.

(/usr/share/texmf/tex/latex/amsfonts/umsb.fd
File: umsb.fd 2002/01/19 v2.2g AMS font definitions
)) [1


{/var/lib/texmf/fonts/map/pdftex/updmap/pdftex.map}] (./TeX/intro.tex

LaTeX Font Warning: Font shape `OT1/cmss/m/it' in size <12> not available
(Font)              Font shape `OT1/cmss/m/sl' tried instead on input line 1.


LaTeX Font Warning: Font shape `OT1/cmss/m/it' in size <8> not available
(Font)              Font shape `OT1/cmss/m/sl' tried instead on input line 6.


Underfull \hbox (badness 10000) in paragraph at lines 5--16

 []


Underfull \hbox (badness 10000) in paragraph at lines 5--16

 []

[2]

LaTeX Font Warning: Font shape `OT1/cmss/m/it' in size <10.95> not available
(Font)              Font shape `OT1/cmss/m/sl' tried instead on input line 30.


Overfull \hbox (11.95276pt too wide) in paragraph at lines 63--63
[]\OT1/cmtt/m/n/10.95 -----BEGIN PGP PUBLIC KEY BLOCK-----[] 
 []


Overfull \hbox (172.91602pt too wide) in paragraph at lines 63--63
[]\OT1/cmtt/m/n/10.95 mQGiBDjdHhoRBADgPP1dlFra7QvzK2ltACfgCQqXaV0ab1U/xeIH8X67a
hvTXHcM[] 
 []


Overfull \hbox (172.91602pt too wide) in paragraph at lines 63--63
[]\OT1/cmtt/m/n/10.95 DwbG96hdN5jnoyTMw5dXpOgPoKP08FD38GU4pRhUWZlBxg0J9+J6c9Tf6
v4kKzbi[] 
 []


Overfull \hbox (172.91602pt too wide) in paragraph at lines 63--63
[]\OT1/cmtt/m/n/10.95 412UU+HAzqHszFOtbSYosjPtlkgSuGnDWYTDyALZY2+1YaqCJCA9vwNQW
QCg/6aC[] 
 []


Overfull \hbox (172.91602pt too wide) in paragraph at lines 63--63
[]\OT1/cmtt/m/n/10.95 aKQ6Te1H/k6V421sWmqTtvUD/2pF7FfbbZxZUin0ZxvUz4YSZ6fSD95Pr
WGoc9fM[] 
 []


Overfull \hbox (172.91602pt too wide) in paragraph at lines 63--63
[]\OT1/cmtt/m/n/10.95 owt2H/JttSnju8VS9/kNxHx+u2LXepxkSr3QcG1+hGIYCADkow43ODTyf
spXzzLV[] 
 []


Overfull \hbox (172.91602pt too wide) in paragraph at lines 63--63
[]\OT1/cmtt/m/n/10.95 HviwqqUarjU4rQAa7ovxTZHEXMjdzxysdpbtEl4vTG3wCFMzEM9SIemrY
dzhe1se[] 
 []


Overfull \hbox (172.91602pt too wide) in paragraph at lines 63--63
[]\OT1/cmtt/m/n/10.95 1CT0BADWb+KPJcMZQ+b7c2GgDyakFXAZ0BdC801mJc6/Jz0gbHzcEy5PI
FGEIlmi[] 
 []


Overfull \hbox (172.91602pt too wide) in paragraph at lines 63--63
[]\OT1/cmtt/m/n/10.95 KlHOQ6Sm0/oo3quQdXWnCzCeKh83KkaULFUealWEahUk3KyOoHPKiiMPy
/M5Muad[] 
 []


Overfull \hbox (172.91602pt too wide) in paragraph at lines 63--63
[]\OT1/cmtt/m/n/10.95 gJYMCT2IEEgdWtA8Mo+Til5TBYJ97dsxGvnxEAN1lE6OkyWRmrQnUnVnZ
2VybyBU[] 
 []


Overfull \hbox (172.91602pt too wide) in paragraph at lines 63--63
[]\OT1/cmtt/m/n/10.95 dXJyYSA8Z3R1cnJhMjAwMEBrYXRhbWFpbC5jb20+tCdSdWdnZXJvIFR1c
nJhIDxn[] 
 []


Overfull \hbox (172.91602pt too wide) in paragraph at lines 63--63
[]\OT1/cmtt/m/n/10.95 dHVycmEyMDAwQGthdGFtYWlsLmNvbT6IXgQTEQIAHgUCQN2VNgIbAwYLC
QgHAwID[] 
 []


Overfull \hbox (172.91602pt too wide) in paragraph at lines 63--63
[]\OT1/cmtt/m/n/10.95 FQIDAxYCAQIeAQIXgAAKCRDRSWLT8RHAe3sAAKCWqbGv5rqBxwE+t4j60
K4l6U44[] 
 []


Overfull \hbox (172.91602pt too wide) in paragraph at lines 63--63
[]\OT1/cmtt/m/n/10.95 HQCgyqwIkHOmqfoY3lPwhR+R+uV5uz65Ag0EON0eGhAIAPZCV7cIfwgXc
qK61qlC[] 
 []


Overfull \hbox (172.91602pt too wide) in paragraph at lines 63--63
[]\OT1/cmtt/m/n/10.95 8wXo+VMROU+28W65Szgg2gGnVqMU6Y9AVfPQB8bLQ6mUrfdMZIZJ+AyDv
WXpF9Sh[] 
 []


Overfull \hbox (172.91602pt too wide) in paragraph at lines 63--63
[]\OT1/cmtt/m/n/10.95 01D49Vlf3HZSTz09jdvOmeFXklnN/biudE/F/Ha8g8VHMGHOfMlm/xX5u
/2RXscB[] 
 []


Overfull \hbox (172.91602pt too wide) in paragraph at lines 63--63
[]\OT1/cmtt/m/n/10.95 qtNbno2gpXI61Brwv0YAWCvl9Ij9WE5J280gtJ3kkQc2azNsOA1FHQ98i
LMcfFst[] 
 []


Overfull \hbox (172.91602pt too wide) in paragraph at lines 63--63
[]\OT1/cmtt/m/n/10.95 jvbzySPAQ/ClWxiNjrtVjLhdONM0/XwXV0OjHRhs3jMhLLUq/zzhsSlAG
BGNfISn[] 
 []


Overfull \hbox (172.91602pt too wide) in paragraph at lines 63--63
[]\OT1/cmtt/m/n/10.95 CnLWhsQDGcgHKXrKlQzZlp+r0ApQmwJG0wg9ZqRdQZ+cfL2JSyIZJrqro
l7DVeky[] 
 []


Overfull \hbox (172.91602pt too wide) in paragraph at lines 63--63
[]\OT1/cmtt/m/n/10.95 CzsAAgIIAJiZiDt7HGyJtHCPWjigQpY3cEAMU9cY8csP1kwAGZsIoW9Yf
JhY7vCq[] 
 []


Overfull \hbox (172.91602pt too wide) in paragraph at lines 63--63
[]\OT1/cmtt/m/n/10.95 BtTP6fb2IneOBAaVzeYNrcnveckoiUW7aRVYqiXiQkETy8OghZE7NKyZj
JiNt8xf[] 
 []


Overfull \hbox (172.91602pt too wide) in paragraph at lines 63--63
[]\OT1/cmtt/m/n/10.95 vqa14Dnd8f5so77qGFuM3j1FnycwGtF/XAjN8tix+/mZN2csP68rchw1Y
va0POkd[] 
 []


Overfull \hbox (172.91602pt too wide) in paragraph at lines 63--63
[]\OT1/cmtt/m/n/10.95 yv98gPkJLzZFuy6O6e4hlAd7dAYP72RqEuy11hJxi1t7+428XLUpvM4Dl
mN55I9R[] 
 []


Overfull \hbox (172.91602pt too wide) in paragraph at lines 63--63
[]\OT1/cmtt/m/n/10.95 HZDgw2b59AQcIh4QxjWirjVHwA3VJ0R/M9WBnX60O+nv5mWX3i+/ImkIk
UQUlsdh[] 
 []


Overfull \hbox (172.91602pt too wide) in paragraph at lines 63--63
[]\OT1/cmtt/m/n/10.95 jJU2T90q2mc4xdpP5JxoPhhWXC3MFn+IRgQYEQIABgUCON0eGgAKCRDRS
WLT8RHA[] 
 []


Overfull \hbox (172.91602pt too wide) in paragraph at lines 63--63
[]\OT1/cmtt/m/n/10.95 e2zeAJ4kVKTFAaJG+FTl90zdUP0OHHyJRQCffZBcyKZTExXfHp5KSz6Hz
lpkzg0=[] 
 []


Underfull \hbox (badness 10000) in paragraph at lines 29--70

 []

) [3]
LaTeX Font Info:    Try loading font information for T1+ppl on input line 100.
 (/usr/share/texmf/tex/latex/psnfss/t1ppl.fd
File: t1ppl.fd 2001/06/04 font definitions for T1/ppl.
) (./fisica_linux.toc [4

]
[5] [6] [7] [8] [9] [10] [11] [12] [13] [14] [15])
\tf@toc=\write7
\openout7 = `fisica_linux.toc'.

 [16]
\openout2 = `TeX/fisica1_1modulo.aux'.


(./TeX/fisica1_1modulo.tex [1



]
Underfull \hbox (badness 10000) in paragraph at lines 5--9

 []

Capitolo 1.

Underfull \hbox (badness 10000) in paragraph at lines 12--13

 []


LaTeX Warning: Reference `unita_di_misura_appendice' on page 2 undefined on inp
ut line 22.


LaTeX Warning: Reference `unita_di_misura_appendice' on page 2 undefined on inp
ut line 22.


Underfull \hbox (badness 1087) in paragraph at lines 32--33
\OT1/cmr/m/n/10.95 da-men-ta-le del-l'a-to-mo di ce-sio
 []


Underfull \hbox (badness 7704) in paragraph at lines 33--34
\OT1/cmr/m/n/10.95 pas-san-do in due con-dut-to-ri
 []


Underfull \hbox (badness 10000) in paragraph at lines 34--34
[]\OT1/cmr/m/n/10.95 temperatura
 []


Underfull \hbox (badness 1270) in paragraph at lines 34--35
[]\OT1/cmr/m/n/10.95 ``...la fra-zio-ne $1\OML/cmm/m/it/10.95 =\OT1/cmr/m/n/10.
95 273\OML/cmm/m/it/10.95 :\OT1/cmr/m/n/10.95 16$ del-la
 []


Underfull \hbox (badness 3168) in paragraph at lines 37--38
\OT1/cmr/m/n/10.95 te che emet-te una ra-dia-zio-
 []


Underfull \vbox (badness 2221) has occurred while \output is active []

 [2

]
Overfull \vbox (0.92798pt too high) has occurred while \output is active []


[3] [4]
Capitolo 2.
[5

]
Underfull \vbox (badness 3449) has occurred while \output is active []

 [6]
<immagini/fisica1/somma_vettori.pdf, id=2417, 286.06876pt x 172.645pt>
File: immagini/fisica1/somma_vettori.pdf Graphic file (type pdf)

<use immagini/fisica1/somma_vettori.pdf> [7 <./immagini/fisica1/somma_vettori.p
df>]
LaTeX Font Info:    Try loading font information for OMS+cmr on input line 163.

 (/usr/share/texmf/tex/latex/base/omscmr.fd
File: omscmr.fd 1999/05/25 v2.5h Standard LaTeX font definitions
)
LaTeX Font Info:    Font shape `OMS/cmr/m/n' in size <12> not available
(Font)              Font shape `OMS/cmsy/m/n' tried instead on input line 163.
 [8]
<immagini/fisica1/sistema_destrogiro.pdf, id=2443, 269.005pt x 251.94125pt>
File: immagini/fisica1/sistema_destrogiro.pdf Graphic file (type pdf)

<use immagini/fisica1/sistema_destrogiro.pdf>
<immagini/fisica1/sistema_sinistrogiro.pdf, id=2444, 200.75pt x 251.94125pt>
File: immagini/fisica1/sistema_sinistrogiro.pdf Graphic file (type pdf)

<use immagini/fisica1/sistema_sinistrogiro.pdf> [9 <./immagini/fisica1/sistema_
destrogiro.pdf> <./immagini/fisica1/sistema_sinistrogiro.pdf>] [10]
Capitolo 3.
<immagini/fisica1/vettore_posizione.pdf, id=2469, 219.20897pt x 191.01363pt>
File: immagini/fisica1/vettore_posizione.pdf Graphic file (type pdf)

<use immagini/fisica1/vettore_posizione.pdf> [11

 <./immagini/fisica1/vettore_posizione.pdf>] [12] [13]
<immagini/fisica1/CorPol.pdf, id=2512, 277.035pt x 151.56625pt>
File: immagini/fisica1/CorPol.pdf Graphic file (type pdf)

<use immagini/fisica1/CorPol.pdf> [14 <./immagini/fisica1/CorPol.pdf>] [15]
[16]
Underfull \hbox (badness 10000) in paragraph at lines 435--437

 []

[17] [18]
Capitolo 4.
[19

]
Overfull \hbox (5.20934pt too wide) in paragraph at lines 532--535
[]\OT1/cmr/m/it/12 Quando un cor-po ^^Re sot-
 []


Overfull \hbox (6.9608pt too wide) in paragraph at lines 545--548
[]\OT1/cmr/m/it/12 Se un cor-po eser-ci-ta una
 []

[20]
Underfull \hbox (badness 10000) in paragraph at lines 560--569

 []

[21] <immagini/fisica1/pendolo_forza.pdf, id=2582, 138.5175pt x 408.52625pt>
File: immagini/fisica1/pendolo_forza.pdf Graphic file (type pdf)

<use immagini/fisica1/pendolo_forza.pdf> [22] [23 <./immagini/fisica1/pendolo_f
orza.pdf>]
<immagini/fisica1/grafico_forze_nella_velocita.pdf, id=2605, 345.29pt x 204.765
pt>
File: immagini/fisica1/grafico_forze_nella_velocita.pdf Graphic file (type pdf)

 <use immagini/fisica1/grafico_forze_nella_velocita.pdf>
<immagini/fisica1/apparenti.pdf, id=2606, 284.06125pt x 251.94125pt>
File: immagini/fisica1/apparenti.pdf Graphic file (type pdf)

<use immagini/fisica1/apparenti.pdf> [24]
<immagini/fisica1/apparenti2.pdf, id=2612, 298.11375pt x 197.73875pt>
File: immagini/fisica1/apparenti2.pdf Graphic file (type pdf)

<use immagini/fisica1/apparenti2.pdf> [25 <./immagini/fisica1/grafico_forze_nel
la_velocita.pdf> <./immagini/fisica1/apparenti.pdf>] [26 <./immagini/fisica1/ap
parenti2.pdf>] [27]

Package hyperref Warning: Token not allowed in a PDFDocEncoded string,
(hyperref)                removing `math shift' on input line 783.


Package hyperref Warning: Token not allowed in a PDFDocEncoded string,
(hyperref)                removing `math shift' on input line 783.


Overfull \hbox (12.20221pt too wide) in paragraph at lines 785--786
[]\OT1/cmr/m/n/12 La quan-
 []

[28] [29]
<immagini/fisica1/semicerchio.pdf, id=2675, 352.74641pt x 201.09279pt>
File: immagini/fisica1/semicerchio.pdf Graphic file (type pdf)

<use immagini/fisica1/semicerchio.pdf> [30]
<immagini/fisica1/luna.pdf, id=2691, 161.403pt x 161.403pt>
File: immagini/fisica1/luna.pdf Graphic file (type pdf)

<use immagini/fisica1/luna.pdf> [31 <./immagini/fisica1/semicerchio.pdf

pdfTeX warning: pdflatex (file ./immagini/fisica1/semicerchio.pdf): PDF inclusi
on: Page Group detected which pdfTeX can't handle. Ignoring it.
> <./immagini/fisica1/luna.pdf

pdfTeX warning: pdflatex (file ./immagini/fisica1/luna.pdf): PDF inclusion: Pag
e Group detected which pdfTeX can't handle. Ignoring it.
>] [32] [33] [34] [35]
<immagini/fisica1/sbarra_sottile1.pdf, id=2745, 320.19624pt x 171.64125pt>
File: immagini/fisica1/sbarra_sottile1.pdf Graphic file (type pdf)

<use immagini/fisica1/sbarra_sottile1.pdf>
<immagini/fisica1/disco.pdf, id=2746, 303.1325pt x 303.1325pt>
File: immagini/fisica1/disco.pdf Graphic file (type pdf)

<use immagini/fisica1/disco.pdf> [36 <./immagini/fisica1/sbarra_sottile1.pdf> <
./immagini/fisica1/disco.pdf>]
<immagini/fisica1/sfera_omogenea1.pdf, id=2772, 364.36125pt x 314.17375pt>
File: immagini/fisica1/sfera_omogenea1.pdf Graphic file (type pdf)

<use immagini/fisica1/sfera_omogenea1.pdf>
<immagini/fisica1/steiner.pdf, id=2773, 336.25626pt x 271.0125pt>
File: immagini/fisica1/steiner.pdf Graphic file (type pdf)

<use immagini/fisica1/steiner.pdf> [37 <./immagini/fisica1/sfera_omogenea1.pdf>
] [38 <./immagini/fisica1/steiner.pdf>]
Overfull \hbox (319.59332pt too wide) detected at line 1151
[] \OT1/cmr/m/n/12 = [] [] = [] [] [] = [] [][] \OMS/cmsy/m/n/12 ^^B \OML/cmm/m
/it/12 m[][][] \OT1/cmr/m/n/12 + [][] \OMS/cmsy/m/n/12 ^^B \OML/cmm/m/it/12 m[]
[][] \OT1/cmr/m/n/12 = [] [][] \OMS/cmsy/m/n/12 ^^B \OML/cmm/m/it/12 m[][][] \O
T1/cmr/m/n/12 = [] [][] \OMS/cmsy/m/n/12 ^^B [][] \OT1/cmr/m/n/12 = [] [][]\OMS
/cmsy/m/n/12 ^^B [] \OT1/cmr/m/n/12 + [] [][]\OMS/cmsy/m/n/12 ^^B []\OT1/cmr/m/
n/12 = [] [][]\OMS/cmsy/m/n/12 ^^B []\OT1/cmr/m/n/12 = [] []
 []


Package hyperref Warning: Token not allowed in a PDFDocEncoded string,
(hyperref)                removing `math shift' on input line 1163.


Package hyperref Warning: Token not allowed in a PDFDocEncoded string,
(hyperref)                removing `math shift' on input line 1163.

[39]
Overfull \hbox (20.50977pt too wide) in paragraph at lines 1195--1195
[]\OT1/cmr/bx/n/17.28 Analogia tra gran-dez-ze li-nea-ri e [] 
 []


Underfull \hbox (badness 3713) in paragraph at lines 1212--1213
[]\OT1/cmr/m/n/10.95 Momento an-go-la-re di
 []


Underfull \hbox (badness 10000) in paragraph at lines 1218--1218
[]$[] []\OT1/cmr/m/n/10.95 =
 []


Underfull \hbox (badness 10000) in paragraph at lines 1220--1221
[]$[] []\OT1/cmr/m/n/10.95 =
 []


Underfull \hbox (badness 10000) in paragraph at lines 1221--1222
[]\OT1/cmr/m/n/10.95 Conservazione del-la
 []


Overfull \hbox (23.04889pt too wide) in paragraph at lines 1197--1227
[]
 []


Underfull \hbox (badness 10000) in paragraph at lines 1197--1227

 []

[40] [41]
Capitolo 5.
[42

] [43] [44] [45]
Overfull \hbox (12.86206pt too wide) in paragraph at lines 1352--1353
[]\OT1/cmr/m/it/12 Considerando so-lo for-
 []

[46]
Overfull \hbox (3.41574pt too wide) in paragraph at lines 1383--1385
[]$[] \OT1/cmr/m/n/12 = 0 = []$ 
 []


Overfull \hbox (8.38182pt too wide) in paragraph at lines 1400--1400
[]
 []


Underfull \hbox (badness 10000) in paragraph at lines 1400--1400

 []


Overfull \hbox (26.7371pt too wide) detected at line 1406
\OML/cmm/m/it/12 U\OT1/cmr/m/n/12 (\OML/cmm/m/it/12 P\OT1/cmr/m/n/12 ) = \OMS/c
msy/m/n/12 ^^@ [][] []\OT1/cmr/m/n/12 d[] = [][] []d[] = [][] \OMS/cmsy/m/n/12 
^^@[]\OT1/cmr/m/n/12 d\OML/cmm/m/it/12 r \OT1/cmr/m/n/12 = [][] = \OMS/cmsy/m/n
/12 ^^@[]
 []

[47] <immagini/fisica1/Pendolo_energia.pdf, id=2872, 363.3575pt x 408.52625pt>
File: immagini/fisica1/Pendolo_energia.pdf Graphic file (type pdf)

<use immagini/fisica1/Pendolo_energia.pdf> [48 <./immagini/fisica1/Pendolo_ener
gia.pdf>]
<immagini/fisica1/arriva_in_alto.pdf, id=2890, 638.66608pt x 299.50897pt>
File: immagini/fisica1/arriva_in_alto.pdf Graphic file (type pdf)

<use immagini/fisica1/arriva_in_alto.pdf> [49 <./immagini/fisica1/arriva_in_alt
o.pdf>]
Capitolo 6.
[50

] <immagini/fisica1/crosta.pdf, id=2919, 643.40375pt x 435.6275pt>
File: immagini/fisica1/crosta.pdf Graphic file (type pdf)

<use immagini/fisica1/crosta.pdf> [51 <./immagini/fisica1/crosta.pdf>]
<immagini/fisica1/gr_ideal_cava.pdf, id=2933, 305.14pt x 260.975pt>
File: immagini/fisica1/gr_ideal_cava.pdf Graphic file (type pdf)

<use immagini/fisica1/gr_ideal_cava.pdf>
<immagini/fisica1/gr_real_cava.pdf, id=2934, 305.14pt x 260.975pt>
File: immagini/fisica1/gr_real_cava.pdf Graphic file (type pdf)

<use immagini/fisica1/gr_real_cava.pdf> [52]
<immagini/fisica1/keplero.pdf, id=2939, 456.70625pt x 247.92625pt>
File: immagini/fisica1/keplero.pdf Graphic file (type pdf)

<use immagini/fisica1/keplero.pdf> [53 <./immagini/fisica1/gr_ideal_cava.pdf> <
./immagini/fisica1/gr_real_cava.pdf>] [54 <./immagini/fisica1/keplero.pdf>]
Overfull \hbox (36.4346pt too wide) has occurred while \output is active
[]\OT1/cmr/m/sl/12 6.5.  MISURAZIONE DELLA COSTANTE DI GRA-VI-TA-ZIO-NE U-NI-VE
R-SA-LE \OT1/cmr/m/n/12 55
 []

[55]) [56]
\openout2 = `TeX/fisica1_2modulo.aux'.

 (./TeX/fisica1_2modulo.tex
Capitolo 7.
[57



]
<immagini/fisica1/legge_di_stevino1.pdf, id=2985, 480.79625pt x 460.72125pt>
File: immagini/fisica1/legge_di_stevino1.pdf Graphic file (type pdf)

<use immagini/fisica1/legge_di_stevino1.pdf> [58 <./immagini/fisica1/legge_di_s
tevino1.pdf>]
<immagini/fisica1/vasi_comunicanti.pdf, id=3004, 316.90395pt x 262.33006pt>
File: immagini/fisica1/vasi_comunicanti.pdf Graphic file (type pdf)

<use immagini/fisica1/vasi_comunicanti.pdf>
<immagini/fisica1/Torricelli.pdf, id=3006, 289.08pt x 194.7275pt>
File: immagini/fisica1/Torricelli.pdf Graphic file (type pdf)

<use immagini/fisica1/Torricelli.pdf> [59 <./immagini/fisica1/vasi_comunicanti.
pdf>] <immagini/fisica1/Sfera_pressione.pdf, id=3021, 277.035pt x 304.13625pt>
File: immagini/fisica1/Sfera_pressione.pdf Graphic file (type pdf)

<use immagini/fisica1/Sfera_pressione.pdf> [60 <./immagini/fisica1/Torricelli.p
df> <./immagini/fisica1/Sfera_pressione.pdf>]
<immagini/fisica1/Pascal1.pdf, id=3044, 220.825pt x 257.96375pt>
File: immagini/fisica1/Pascal1.pdf Graphic file (type pdf)

<use immagini/fisica1/Pascal1.pdf> [61 <./immagini/fisica1/Pascal1.pdf>]
<immagini/fisica1/firma_daniele.pdf, id=3057, 597.23125pt x 845.1575pt>
File: immagini/fisica1/firma_daniele.pdf Graphic file (type pdf)

<use immagini/fisica1/firma_daniele.pdf>
Underfull \hbox (badness 10000) in paragraph at lines 112--112
[]\OT1/cmr/m/n/6 ecco quel-lo che di-co-
 []


Underfull \hbox (badness 10000) in paragraph at lines 112--112
\OT1/cmr/m/n/6 no i no-stri ma-te-ma-ti-ci
 []


Overfull \hbox (748.11804pt too wide) in paragraph at lines 112--112
[] 
 []

<immagini/fisica1/equilibrio.pdf, id=3058, 306.14375pt x 318.18875pt>
File: immagini/fisica1/equilibrio.pdf Graphic file (type pdf)

<use immagini/fisica1/equilibrio.pdf> [62 <./immagini/fisica1/firma_daniele.pdf
> <./immagini/fisica1/equilibrio.pdf>]
<immagini/fisica1/fluido_rotazione.pdf, id=3075, 186.6975pt x 269.005pt>
File: immagini/fisica1/fluido_rotazione.pdf Graphic file (type pdf)

<use immagini/fisica1/fluido_rotazione.pdf> [63 <./immagini/fisica1/fluido_rota
zione.pdf>]
<immagini/fisica1/paraboloide.pdf, id=3091, 294.09875pt x 167.62625pt>
File: immagini/fisica1/paraboloide.pdf Graphic file (type pdf)

<use immagini/fisica1/paraboloide.pdf>
Overfull \hbox (17.62482pt too wide) in paragraph at lines 177--193
[]$[]$
 []

[64 <./immagini/fisica1/paraboloide.pdf>]
<immagini/fisica1/equazione_continuita.pdf, id=3106, 667.56403pt x 214.22032pt>
File: immagini/fisica1/equazione_continuita.pdf Graphic file (type pdf)
<use immagini/fisica1/equazione_continuita.pdf>
<immagini/fisica1/Bernoulli.pdf, id=3107, 551.05875pt x 462.72874pt>
File: immagini/fisica1/Bernoulli.pdf Graphic file (type pdf)

<use immagini/fisica1/Bernoulli.pdf> [65 <./immagini/fisica1/equazione_continui
ta.pdf>] [66 <./immagini/fisica1/Bernoulli.pdf>]
<immagini/fisica1/viscosita1.pdf, id=3134, 389.455pt x 249.93375pt>
File: immagini/fisica1/viscosita1.pdf Graphic file (type pdf)

<use immagini/fisica1/viscosita1.pdf>
<immagini/fisica1/viscosita2.pdf, id=3135, 386.44376pt x 306.14375pt>
File: immagini/fisica1/viscosita2.pdf Graphic file (type pdf)

<use immagini/fisica1/viscosita2.pdf>
<immagini/fisica1/Poiseuille.pdf, id=3136, 934.49126pt x 484.81125pt>
File: immagini/fisica1/Poiseuille.pdf Graphic file (type pdf)

<use immagini/fisica1/Poiseuille.pdf> [67 <./immagini/fisica1/viscosita1.pdf> <
./immagini/fisica1/viscosita2.pdf>] [68 <./immagini/fisica1/Poiseuille.pdf>]
[69]
Capitolo 8.
[70

] <immagini/fisica1/principio_zero.pdf, id=3199, 332.24126pt x 164.615pt>
File: immagini/fisica1/principio_zero.pdf Graphic file (type pdf)

<use immagini/fisica1/principio_zero.pdf>
Overfull \hbox (1.59526pt too wide) in paragraph at lines 330--331
[]\OT1/cmr/m/it/12 Se due si-ste-mi so-
 []

[71 <./immagini/fisica1/principio_zero.pdf>] [72] [73] [74] [75] [76]
<immagini/fisica1/maxwell.pdf, id=3276, 452.69125pt x 293.095pt>
File: immagini/fisica1/maxwell.pdf Graphic file (type pdf)

<use immagini/fisica1/maxwell.pdf> [77 <./immagini/fisica1/maxwell.pdf>]
<immagini/fisica1/maxwell_famiglia2.pdf, id=3288, 452.69125pt x 333.245pt>
File: immagini/fisica1/maxwell_famiglia2.pdf Graphic file (type pdf)

<use immagini/fisica1/maxwell_famiglia2.pdf>
<immagini/fisica1/maxwell3d.pdf, id=3289, 478.78876pt x 388.45125pt>
File: immagini/fisica1/maxwell3d.pdf Graphic file (type pdf)

<use immagini/fisica1/maxwell3d.pdf>
<immagini/fisica1/energia_max.pdf, id=3290, 452.69125pt x 381.425pt>
File: immagini/fisica1/energia_max.pdf Graphic file (type pdf)

<use immagini/fisica1/energia_max.pdf> [78 <./immagini/fisica1/maxwell_famiglia
2.pdf>] [79 <./immagini/fisica1/maxwell3d.pdf>] [80 <./immagini/fisica1/energia
_max.pdf>]
<immagini/fisica1/energia_max3d.pdf, id=3330, 565.11125pt x 437.635pt>
File: immagini/fisica1/energia_max3d.pdf Graphic file (type pdf)

<use immagini/fisica1/energia_max3d.pdf>
Overfull \hbox (5.57516pt too wide) in paragraph at lines 542--543
 [][] 
 []

[81 <./immagini/fisica1/energia_max3d.pdf>] [82] [83] [84] [85]
<immagini/fisica1/pV2_win.pdf, id=3392, 594.22pt x 843.15pt>
File: immagini/fisica1/pV2_win.pdf Graphic file (type pdf)

<use immagini/fisica1/pV2_win.pdf> [86] [87 <./immagini/fisica1/pV2_win.pdf>]
[88] <immagini/fisica1/ck2.pdf, id=3440, 474.77374pt x 378.41376pt>
File: immagini/fisica1/ck2.pdf Graphic file (type pdf)

<use immagini/fisica1/ck2.pdf>
<immagini/fisica1/pvv2.pdf, id=3441, 463.7325pt x 378.41376pt>
File: immagini/fisica1/pvv2.pdf Graphic file (type pdf)

<use immagini/fisica1/pvv2.pdf> [89]
<immagini/fisica1/Carnot.pdf, id=3447, 473.77pt x 376.40625pt>
File: immagini/fisica1/Carnot.pdf Graphic file (type pdf)

<use immagini/fisica1/Carnot.pdf>
Overfull \hbox (17.62482pt too wide) in paragraph at lines 791--793
[]$[]$
 []

[90 <./immagini/fisica1/ck2.pdf> <./immagini/fisica1/pvv2.pdf> <./immagini/fisi
ca1/Carnot.pdf>] [91] [92]
<immagini/fisica1/flusso_carnot.pdf, id=3500, 228.855pt x 289.08pt>
File: immagini/fisica1/flusso_carnot.pdf Graphic file (type pdf)

<use immagini/fisica1/flusso_carnot.pdf>
<immagini/fisica1/flusso_carnot_perf.pdf, id=3501, 228.855pt x 260.975pt>
File: immagini/fisica1/flusso_carnot_perf.pdf Graphic file (type pdf)

<use immagini/fisica1/flusso_carnot_perf.pdf>
<immagini/fisica1/flusso_frigo.pdf, id=3502, 228.855pt x 289.08pt>
File: immagini/fisica1/flusso_frigo.pdf Graphic file (type pdf)

<use immagini/fisica1/flusso_frigo.pdf>
<immagini/fisica1/flusso_frigo_perf.pdf, id=3503, 228.855pt x 295.1025pt>
File: immagini/fisica1/flusso_frigo_perf.pdf Graphic file (type pdf)

<use immagini/fisica1/flusso_frigo_perf.pdf>
Overfull \hbox (1.16551pt too wide) in paragraph at lines 864--865
[]\OT1/cmr/m/it/12 ^^Re im-pos-si-bi-le rea-liz-za-re una tra-sfor-
 []


Package hyperref Warning: Token not allowed in a PDFDocEncoded string,
(hyperref)                removing `math shift' on input line 872.


Package hyperref Warning: Token not allowed in a PDFDocEncoded string,
(hyperref)                removing `\Leftrightarrow' on input line 872.


Package hyperref Warning: Token not allowed in a PDFDocEncoded string,
(hyperref)                removing `math shift' on input line 872.

<immagini/fisica1/AK+Frigo.pdf, id=3506, 630.355pt x 298.11375pt>
File: immagini/fisica1/AK+Frigo.pdf Graphic file (type pdf)

<use immagini/fisica1/AK+Frigo.pdf> [93 <./immagini/fisica1/flusso_carnot.pdf> 
<./immagini/fisica1/flusso_carnot_perf.pdf>]
<immagini/fisica1/AC+Carnot.pdf, id=3531, 473.77pt x 286.06876pt>
File: immagini/fisica1/AC+Carnot.pdf Graphic file (type pdf)

<use immagini/fisica1/AC+Carnot.pdf>
Overfull \hbox (4.78867pt too wide) in paragraph at lines 893--894
[]\OT1/cmr/m/it/12 a pa-rit^^Ra di tem-pe-ra-tu-re non
 []

[94 <./immagini/fisica1/flusso_frigo.pdf> <./immagini/fisica1/flusso_frigo_perf
.pdf> <./immagini/fisica1/AK+Frigo.pdf>]
<immagini/fisica1/M+c-1.pdf, id=3563, 448.67625pt x 286.06876pt>
File: immagini/fisica1/M+c-1.pdf Graphic file (type pdf)

<use immagini/fisica1/M+c-1.pdf> [95 <./immagini/fisica1/AC+Carnot.pdf>]
[96 <./immagini/fisica1/M+c-1.pdf>]
<immagini/fisica1/hell_machine.pdf, id=3591, 395.4775pt x 226.8475pt>
File: immagini/fisica1/hell_machine.pdf Graphic file (type pdf)

<use immagini/fisica1/hell_machine.pdf> [97]
<immagini/fisica1/ciclo_misto.pdf, id=3601, 211.79124pt x 231.86626pt>
File: immagini/fisica1/ciclo_misto.pdf Graphic file (type pdf)

<use immagini/fisica1/ciclo_misto.pdf> [98 <./immagini/fisica1/hell_machine.pdf
>] [99 <./immagini/fisica1/ciclo_misto.pdf>]
<immagini/fisica1/exp_Joule.pdf, id=3627, 795.97375pt x 288.07625pt>
File: immagini/fisica1/exp_Joule.pdf Graphic file (type pdf)

<use immagini/fisica1/exp_Joule.pdf> [100 <./immagini/fisica1/exp_Joule.pdf>]
[101]
Overfull \hbox (1.90294pt too wide) in paragraph at lines 1077--1079
\OT1/cmr/m/n/12 Nota che: $^^A\OML/cmm/m/it/12 S[] \OT1/cmr/m/n/12 = \OMS/cmsy/
m/n/12 ^^@\OT1/cmr/m/n/12 ^^A\OML/cmm/m/it/12 S[]$\OT1/cmr/m/n/12 , ne se-gue c
he $^^A\OML/cmm/m/it/12 S[] \OT1/cmr/m/n/12 = 0$. Ma an-che []
 []

[102] [103]
Capitolo 9.
<immagini/fisica1/Morley.pdf, id=3667, 274.02374pt x 369.38pt>
File: immagini/fisica1/Morley.pdf Graphic file (type pdf)

<use immagini/fisica1/Morley.pdf> [104

]
<immagini/fisica1/Morley2.pdf, id=3672, 268.00125pt x 275.0275pt>
File: immagini/fisica1/Morley2.pdf Graphic file (type pdf)

<use immagini/fisica1/Morley2.pdf>
Overfull \hbox (17.62482pt too wide) in paragraph at lines 1143--1145
[]$[]$
 []

[105 <./immagini/fisica1/Morley.pdf>]
Overfull \hbox (17.62482pt too wide) in paragraph at lines 1155--1158
[]$[]$
 []


Underfull \vbox (badness 5985) has occurred while \output is active []

 [106 <./immagini/fisica1/Morley2.pdf>]
Overfull \hbox (6.87973pt too wide) in paragraph at lines 1163--1164
[]\OT1/cmr/m/it/12 Tutte le leg-
 []

<immagini/fisica1/pistoleri.pdf, id=3708, 1448.41125pt x 541.02126pt>
File: immagini/fisica1/pistoleri.pdf Graphic file (type pdf)

<use immagini/fisica1/pistoleri.pdf> [107] [108 <./immagini/fisica1/pistoleri.p
df>]
Overfull \hbox (17.62482pt too wide) in paragraph at lines 1224--1225
[]$[]$ 
 []

[109] [110]
<immagini/fisica1/beta_gamma.pdf, id=3736, 488.82625pt x 276.03125pt>
File: immagini/fisica1/beta_gamma.pdf Graphic file (type pdf)

<use immagini/fisica1/beta_gamma.pdf> [111] [112 <./immagini/fisica1/beta_gamma
.pdf>]
Overfull \hbox (14.37971pt too wide) in paragraph at lines 1311--1312
[]\OT1/cmr/m/n/12 Un pro-to-ne col-
 []

[113] [114] <immagini/fisica1/Q_rel1.pdf, id=3774, 608.2725pt x 203.76125pt>
File: immagini/fisica1/Q_rel1.pdf Graphic file (type pdf)

<use immagini/fisica1/Q_rel1.pdf>
Overfull \hbox (0.59937pt too wide) in paragraph at lines 1370--1371
[]\OT1/cmr/m/n/12 Urto fron-ta-
 []

<immagini/fisica1/Q_rel2.pdf, id=3775, 608.2725pt x 203.76125pt>
File: immagini/fisica1/Q_rel2.pdf Graphic file (type pdf)

<use immagini/fisica1/Q_rel2.pdf> [115 <./immagini/fisica1/Q_rel1.pdf>]
<immagini/fisica1/V_K.pdf, id=3789, 520.94624pt x 396.48125pt>
File: immagini/fisica1/V_K.pdf Graphic file (type pdf)

<use immagini/fisica1/V_K.pdf> [116 <./immagini/fisica1/Q_rel2.pdf>]
<immagini/fisica1/urto_rel.pdf, id=3802, 707.64375pt x 287.0725pt>
File: immagini/fisica1/urto_rel.pdf Graphic file (type pdf)

<use immagini/fisica1/urto_rel.pdf> [117 <./immagini/fisica1/V_K.pdf>]
<immagini/fisica1/Trg_rel.pdf, id=3820, 440.64626pt x 272.01625pt>
File: immagini/fisica1/Trg_rel.pdf Graphic file (type pdf)

<use immagini/fisica1/Trg_rel.pdf> [118 <./immagini/fisica1/urto_rel.pdf>]
<immagini/fisica1/dec_strano.pdf, id=3833, 447.6725pt x 235.88126pt>
File: immagini/fisica1/dec_strano.pdf Graphic file (type pdf)

<use immagini/fisica1/dec_strano.pdf> [119 <./immagini/fisica1/Trg_rel.pdf> <./
immagini/fisica1/dec_strano.pdf>]
<immagini/fisica1/dec_strano2.pdf, id=3855, 271.0125pt x 33.12375pt>
File: immagini/fisica1/dec_strano2.pdf Graphic file (type pdf)

<use immagini/fisica1/dec_strano2.pdf> [120 <./immagini/fisica1/dec_strano2.pdf
>] [121] <immagini/fisica1/Mink1.pdf, id=3884, 261.97874pt x 234.8775pt>
File: immagini/fisica1/Mink1.pdf Graphic file (type pdf)

<use immagini/fisica1/Mink1.pdf>

Package wrapfig Warning: Collision between wrapping environments on input line 
1537.

<immagini/fisica1/Mink2.pdf, id=3885, 274.02374pt x 257.96375pt>
File: immagini/fisica1/Mink2.pdf Graphic file (type pdf)

<use immagini/fisica1/Mink2.pdf>

Package wrapfig Warning: Stationary wrapfigure forced to float on input line 15
40.

<immagini/fisica1/Mink3.pdf, id=3886, 274.02374pt x 257.96375pt>
File: immagini/fisica1/Mink3.pdf Graphic file (type pdf)

<use immagini/fisica1/Mink3.pdf>
<immagini/fisica1/Minkowski_calibrazione.pdf, id=3887, 360.34625pt x 363.3575pt
>
File: immagini/fisica1/Minkowski_calibrazione.pdf Graphic file (type pdf)
 <use immagini/fisica1/Minkowski_calibrazione.pdf> [122 <./immagini/fisica1/Min
k1.pdf> <./immagini/fisica1/Mink2.pdf>] [123 <./immagini/fisica1/Mink3.pdf> <./
immagini/fisica1/Minkowski_calibrazione.pdf>] [124]
Capitolo 10.
<immagini/fisica1/Onda1.pdf, id=3934, 585.18625pt x 186.6975pt>
File: immagini/fisica1/Onda1.pdf Graphic file (type pdf)

<use immagini/fisica1/Onda1.pdf> [125

 <./immagini/fisica1/Onda1.pdf>]
<immagini/fisica1/Onde_Corda.pdf, id=3947, 471.7625pt x 440.64626pt>
File: immagini/fisica1/Onde_Corda.pdf Graphic file (type pdf)

<use immagini/fisica1/Onde_Corda.pdf> [126 <./immagini/fisica1/Onde_Corda.pdf>]

Overfull \hbox (17.62482pt too wide) in paragraph at lines 1636--1637
[]$[]$ 
 []

[127]
<immagini/fisica1/interferenza_distruttiva.pdf, id=3963, 454.69875pt x 362.3537
4pt>
File: immagini/fisica1/interferenza_distruttiva.pdf Graphic file (type pdf)
 <use immagini/fisica1/interferenza_distruttiva.pdf> [128]
Overfull \hbox (17.62482pt too wide) in paragraph at lines 1684--1686
[]$[]$
 []

<immagini/fisica1/stazionarie1.pdf, id=3970, 487.8225pt x 263.98625pt>
File: immagini/fisica1/stazionarie1.pdf Graphic file (type pdf)

<use immagini/fisica1/stazionarie1.pdf>
<immagini/fisica1/stazionarie2.pdf, id=3971, 473.77pt x 399.4925pt>
File: immagini/fisica1/stazionarie2.pdf Graphic file (type pdf)

<use immagini/fisica1/stazionarie2.pdf> [129 <./immagini/fisica1/interferenza_d
istruttiva.pdf>] [130 <./immagini/fisica1/stazionarie1.pdf> <./immagini/fisica1
/stazionarie2.pdf>] [131]
Underfull \hbox (badness 10000) in paragraph at lines 1740--1741

 []


Underfull \hbox (badness 10000) in paragraph at lines 1741--1742

 []


Underfull \hbox (badness 10000) in paragraph at lines 1742--1743

 []


Underfull \hbox (badness 10000) in paragraph at lines 1743--1744

 []


Underfull \hbox (badness 10000) in paragraph at lines 1744--1745

 []


Underfull \hbox (badness 10000) in paragraph at lines 1745--1746

 []

) [132]
\openout2 = `TeX/fisica2.aux'.

 (./TeX/fisica2.tex [133



]
Capitolo 11.
[134

]
Overfull \hbox (1.0848pt too wide) detected at line 30
\OT1/cmr/m/n/12 (\OML/cmm/m/it/12 A \OMS/cmsy/m/n/12 ^^B \OML/cmm/m/it/12 B\OT1
/cmr/m/n/12 )[] = \OML/cmm/m/it/12 A[]B[] \OMS/cmsy/m/n/12 ^^@ \OML/cmm/m/it/12
 A[]B[] \OT1/cmr/m/n/12 (\OML/cmm/m/it/12 A \OMS/cmsy/m/n/12 ^^B \OML/cmm/m/it/
12 B\OT1/cmr/m/n/12 )[] = \OML/cmm/m/it/12 A[]B[] \OMS/cmsy/m/n/12 ^^@ \OML/cmm
/m/it/12 A[]B[] \OT1/cmr/m/n/12 (\OML/cmm/m/it/12 A \OMS/cmsy/m/n/12 ^^B \OML/c
mm/m/it/12 B\OT1/cmr/m/n/12 )[] = \OML/cmm/m/it/12 A[]B[] \OMS/cmsy/m/n/12 ^^@ 
\OML/cmm/m/it/12 A[]B[]
 []

[135] [136] [137] [138]
LaTeX Font Info:    Font shape `OMS/cmr/m/it' in size <12> not available
(Font)              Font shape `OMS/cmsy/m/n' tried instead on input line 143.
 [139]
<immagini/fisica2/stockes_ret.pdf, id=4078, 212.0723pt x 180.76534pt>
File: immagini/fisica2/stockes_ret.pdf Graphic file (type pdf)

<use immagini/fisica2/stockes_ret.pdf> [140] [141 <./immagini/fisica2/stockes_r
et.pdf>] [142] [143] [144]
Capitolo 12.
[145

] <immagini/fisica2/forza_coulomb.pdf, id=4140, 79.29625pt x 234.8775pt>
File: immagini/fisica2/forza_coulomb.pdf Graphic file (type pdf)

<use immagini/fisica2/forza_coulomb.pdf> [146 <./immagini/fisica2/forza_coulomb
.pdf>]
<immagini/fisica2/pendolo_carico.pdf, id=4156, 332.24126pt x 359.3425pt>
File: immagini/fisica2/pendolo_carico.pdf Graphic file (type pdf)

<use immagini/fisica2/pendolo_carico.pdf> [147 <./immagini/fisica2/pendolo_cari
co.pdf>] [148]
<immagini/fisica2/filo_inf.pdf, id=4179, 376.40625pt x 220.825pt>
File: immagini/fisica2/filo_inf.pdf Graphic file (type pdf)

<use immagini/fisica2/filo_inf.pdf>
Overfull \hbox (0.5621pt too wide) in paragraph at lines 425--426
[]\OT1/cmr/m/n/12 Im-ma-
 []

[149] <immagini/fisica2/anello.pdf, id=4186, 554.07pt x 315.1775pt>
File: immagini/fisica2/anello.pdf Graphic file (type pdf)

<use immagini/fisica2/anello.pdf> [150 <./immagini/fisica2/filo_inf.pdf>]
<immagini/fisica2/disco.pdf, id=4203, 467.27635pt x 242.50601pt>
File: immagini/fisica2/disco.pdf Graphic file (type pdf)

<use immagini/fisica2/disco.pdf> [151 <./immagini/fisica2/anello.pdf>]
Underfull \vbox (badness 10000) has occurred while \output is active []

 [152 <./immagini/fisica2/disco.pdf

pdfTeX warning: pdflatex (file ./immagini/fisica2/disco.pdf): PDF inclusion: Pa
ge Group detected which pdfTeX can't handle. Ignoring it.
>] <immagini/fisica2/potenziale_disco.pdf, id=4226, 349.93939pt x 299.64539pt>
File: immagini/fisica2/potenziale_disco.pdf Graphic file (type pdf)

<use immagini/fisica2/potenziale_disco.pdf> [153 <./immagini/fisica2/potenziale
_disco.pdf

pdfTeX warning: pdflatex (file ./immagini/fisica2/potenziale_disco.pdf): PDF in
clusion: Page Group detected which pdfTeX can't handle. Ignoring it.
>] [154]
Overfull \hbox (10.40794pt too wide) in paragraph at lines 550--551
[]\OT1/cmr/m/it/12 Sia $\OML/cmm/m/it/12 S$ \OT1/cmr/m/it/12 una su-per-fi-cie 
chiu-
 []

[155] <immagini/fisica2/campo_sfera.pdf, id=4256, 324.21124pt x 199.74625pt>
File: immagini/fisica2/campo_sfera.pdf Graphic file (type pdf)

<use immagini/fisica2/campo_sfera.pdf> [156]

pdfTeX warning: pdflatex (file ./immagini/fisica2/MWPC.pdf): PDF inclusion: fou
nd PDF version <1.5>, but at most version <1.4> allowed
<immagini/fisica2/MWPC.pdf, id=4264, 216.81pt x 115.63202pt>
File: immagini/fisica2/MWPC.pdf Graphic file (type pdf)

<use immagini/fisica2/MWPC.pdf> [157 <./immagini/fisica2/campo_sfera.pdf>]
<immagini/fisica2/lavoro_campo.pdf, id=4278, 108.55278pt x 103.03403pt>
File: immagini/fisica2/lavoro_campo.pdf Graphic file (type pdf)

<use immagini/fisica2/lavoro_campo.pdf> [158 <./immagini/fisica2/MWPC.pdf

pdfTeX warning: pdflatex (file ./immagini/fisica2/MWPC.pdf): PDF inclusion: Pag
e Group detected which pdfTeX can't handle. Ignoring it.
> <./immagini/fisica2/lavoro_campo.pdf

pdfTeX warning: pdflatex (file ./immagini/fisica2/lavoro_campo.pdf): PDF inclus
ion: Page Group detected which pdfTeX can't handle. Ignoring it.
>]
Overfull \hbox (9.07289pt too wide) detected at line 648
\OT1/cmr/m/n/12 ^^A\OML/cmm/m/it/12 ' \OT1/cmr/m/n/12 = \OMS/cmsy/m/n/12 ^^@ []
[] [] [] \OT1/cmr/m/n/12 d[] = \OMS/cmsy/m/n/12 ^^@ [][] [] [] \OT1/cmr/m/n/12 
d[] \OMS/cmsy/m/n/12 ^^@ [][] [] [] \OT1/cmr/m/n/12 d[] = \OML/cmm/m/it/12 '\OT
1/cmr/m/n/12 (\OML/cmm/m/it/12 P[]\OT1/cmr/m/n/12 ) \OMS/cmsy/m/n/12 ^^@ \OML/c
mm/m/it/12 '\OT1/cmr/m/n/12 (\OML/cmm/m/it/12 P[]\OT1/cmr/m/n/12 ) + \OML/cmm/m
/it/12 '\OT1/cmr/m/n/12 (\OML/cmm/m/it/12 P[]\OT1/cmr/m/n/12 ) \OMS/cmsy/m/n/12
 ^^@ \OML/cmm/m/it/12 '\OT1/cmr/m/n/12 (\OML/cmm/m/it/12 P[]\OT1/cmr/m/n/12 )
 []

[159] [160] [161]
<immagini/fisica2/dipolo.pdf, id=4330, 272.01625pt x 170.6375pt>
File: immagini/fisica2/dipolo.pdf Graphic file (type pdf)

<use immagini/fisica2/dipolo.pdf> [162 <./immagini/fisica2/dipolo.pdf>]
[163] [164] [165]
<immagini/fisica2/dipolo_mom.pdf, id=4375, 318.18875pt x 383.4325pt>
File: immagini/fisica2/dipolo_mom.pdf Graphic file (type pdf)

<use immagini/fisica2/dipolo_mom.pdf> [166 <./immagini/fisica2/dipolo_mom.pdf>]
<xymatrix 6x4 181> [167] [168]
Capitolo 13.
[169

]
Overfull \hbox (1.82074pt too wide) in paragraph at lines 880--881
[]\OT1/cmr/m/n/12 L'induzione elet-tro-sta-ti-ca ^^Re
 []

[170] [171] <immagini/fisica2/induz1.pdf, id=4424, 431.6125pt x 158.5925pt>
File: immagini/fisica2/induz1.pdf Graphic file (type pdf)

<use immagini/fisica2/induz1.pdf>
<immagini/fisica2/induz2.pdf, id=4425, 431.6125pt x 158.5925pt>
File: immagini/fisica2/induz2.pdf Graphic file (type pdf)

<use immagini/fisica2/induz2.pdf>
<immagini/fisica2/induz3.pdf, id=4426, 431.6125pt x 159.59625pt>
File: immagini/fisica2/induz3.pdf Graphic file (type pdf)

<use immagini/fisica2/induz3.pdf>
<immagini/fisica2/induz4.pdf, id=4427, 455.7025pt x 184.69pt>
File: immagini/fisica2/induz4.pdf Graphic file (type pdf)

<use immagini/fisica2/induz4.pdf>
<immagini/fisica2/induz5.pdf, id=4428, 155.58125pt x 152.57pt>
File: immagini/fisica2/induz5.pdf Graphic file (type pdf)

<use immagini/fisica2/induz5.pdf> [172] [173 <./immagini/fisica2/induz1.pdf> <.
/immagini/fisica2/induz2.pdf> <./immagini/fisica2/induz3.pdf> <./immagini/fisic
a2/induz4.pdf> <./immagini/fisica2/induz5.pdf>]
Overfull \hbox (6.2187pt too wide) in paragraph at lines 933--934
[]\OT1/cmr/m/n/12 Im-ma-gi-nia-mo
 []

[174] [175] <immagini/fisica2/cond1.pdf, id=4497, 19.07124pt x 19.07124pt>
File: immagini/fisica2/cond1.pdf Graphic file (type pdf)

<use immagini/fisica2/cond1.pdf> [176 <./immagini/fisica2/cond1.pdf>] [177]
[178] [179] <immagini/fisica2/cond2.pdf, id=4531, 88.33pt x 20.075pt>
File: immagini/fisica2/cond2.pdf Graphic file (type pdf)

<use immagini/fisica2/cond2.pdf>
<immagini/fisica2/cond3.pdf, id=4532, 346.29375pt x 181.67876pt>
File: immagini/fisica2/cond3.pdf Graphic file (type pdf)

<use immagini/fisica2/cond3.pdf> [180 <./immagini/fisica2/cond2.pdf>] [181 <./i
mmagini/fisica2/cond3.pdf>]
Capitolo 14.
[182

]
Overfull \hbox (7.7414pt too wide) in paragraph at lines 1126--1127
[]\OT1/cmr/m/it/12 Data una su-per-fi-cie chiu-
 []

[183]
Overfull \hbox (1.55278pt too wide) has occurred while \output is active
[]\OT1/cmr/m/n/12 184 \OT1/cmr/m/sl/12 CAPITOLO 14.  PROBLEMA GENERALE DELL'ELE
TTROSTATICA
 []

[184]
Overfull \hbox (5.60208pt too wide) in paragraph at lines 1181--1181
[] 
 []

[185]
Capitolo 15.
[186

] [187] [188] [189] [190]
<immagini/fisica2/ohm1.pdf, id=4635, 749.80125pt x 428.60126pt>
File: immagini/fisica2/ohm1.pdf Graphic file (type pdf)

<use immagini/fisica2/ohm1.pdf> [191 <./immagini/fisica2/ohm1.pdf>] [192]
<immagini/fisica2/res_trapezio.pdf, id=4665, 519.9425pt x 257.96375pt>
File: immagini/fisica2/res_trapezio.pdf Graphic file (type pdf)

<use immagini/fisica2/res_trapezio.pdf> [193] [194 <./immagini/fisica2/res_trap
ezio.pdf>] <immagini/fisica2/generatore.pdf, id=4691, 29.10875pt x 29.10875pt>
File: immagini/fisica2/generatore.pdf Graphic file (type pdf)

<use immagini/fisica2/generatore.pdf> [195] [196 <./immagini/fisica2/generatore
.pdf>] [197] [198]
Capitolo 16.
[199

] [200] [201]
<immagini/fisica2/spettrometro.pdf, id=4742, 420.57124pt x 366.36874pt>
File: immagini/fisica2/spettrometro.pdf Graphic file (type pdf)

<use immagini/fisica2/spettrometro.pdf> [202 <./immagini/fisica2/spettrometro.p
df>] [203] <immagini/fisica2/Hall.pdf, id=4778, 353.32pt x 462.72874pt>
File: immagini/fisica2/Hall.pdf Graphic file (type pdf)

<use immagini/fisica2/Hall.pdf> [204 <./immagini/fisica2/Hall.pdf>] [205]
<immagini/fisica2/ago.pdf, id=4803, 498.86375pt x 164.615pt>
File: immagini/fisica2/ago.pdf Graphic file (type pdf)

<use immagini/fisica2/ago.pdf> [206 <./immagini/fisica2/ago.pdf>] [207]
<immagini/fisica2/magneto_filo.pdf, id=4827, 371.3875pt x 323.2075pt>
File: immagini/fisica2/magneto_filo.pdf Graphic file (type pdf)

<use immagini/fisica2/magneto_filo.pdf> [208 <./immagini/fisica2/magneto_filo.p
df>]
Overfull \hbox (2.63495pt too wide) in paragraph at lines 1727--1728
[]\OT1/cmr/m/n/12 Immaginiamo il so-le-noi-de co-me l'in-sie-me di tan-
 []

[209] [210]
<immagini/fisica2/fili_forza.pdf, id=4860, 217.81375pt x 339.2675pt>
File: immagini/fisica2/fili_forza.pdf Graphic file (type pdf)

<use immagini/fisica2/fili_forza.pdf> [211]
Overfull \hbox (6.67538pt too wide) in paragraph at lines 1804--1805
\OT1/cmr/m/n/12 due fi-li di-stan-ti $[]$ pro-du-ce una for-za per unit^^Ra di 
lun-ghez-za pa-ri a $[]$. 
 []

[212 <./immagini/fisica2/fili_forza.pdf>]
<immagini/fisica2/cilindro_magnetico.pdf, id=4886, 527.9725pt x 305.14pt>
File: immagini/fisica2/cilindro_magnetico.pdf Graphic file (type pdf)

<use immagini/fisica2/cilindro_magnetico.pdf> [213] [214 <./immagini/fisica2/ci
lindro_magnetico.pdf>] [215] [216]
<immagini/fisica2/spira_vettore.pdf, id=4947, 393.91165pt x 377.09885pt>
File: immagini/fisica2/spira_vettore.pdf Graphic file (type pdf)

<use immagini/fisica2/spira_vettore.pdf> [217] [218 <./immagini/fisica2/spira_v
ettore.pdf>] [219]
Capitolo 17.
[220

] <immagini/fisica2/distr_dipoli.pdf, id=5000, 430.83963pt x 473.13763pt>
File: immagini/fisica2/distr_dipoli.pdf Graphic file (type pdf)

<use immagini/fisica2/distr_dipoli.pdf> [221] [222 <./immagini/fisica2/distr_di
poli.pdf>] [223] [224] [225]
<immagini/fisica2/aghiforme.pdf, id=5070, 673.31549pt x 396.88275pt>
File: immagini/fisica2/aghiforme.pdf Graphic file (type pdf)

<use immagini/fisica2/aghiforme.pdf> [226] [227 <./immagini/fisica2/aghiforme.p
df>]
<immagini/fisica2/gauss_dielettrici.pdf, id=5106, 642.59071pt x 417.49977pt>
File: immagini/fisica2/gauss_dielettrici.pdf Graphic file (type pdf)

<use immagini/fisica2/gauss_dielettrici.pdf> [228] [229 <./immagini/fisica2/gau
ss_dielettrici.pdf>] [230] [231]

Package hyperref Warning: Token not allowed in a PDFDocEncoded string,
(hyperref)                removing `math shift' on input line 2357.


Package hyperref Warning: Token not allowed in a PDFDocEncoded string,
(hyperref)                removing `math shift' on input line 2357.


Package hyperref Warning: Token not allowed in a PDFDocEncoded string,
(hyperref)                removing `math shift' on input line 2357.


Package hyperref Warning: Token not allowed in a PDFDocEncoded string,
(hyperref)                removing `math shift' on input line 2357.


Package hyperref Warning: Token not allowed in a PDFDocEncoded string,
(hyperref)                removing `math shift' on input line 2358.


Package hyperref Warning: Token not allowed in a PDFDocEncoded string,
(hyperref)                removing `math shift' on input line 2358.

<immagini/fisica2/contornoEB.pdf, id=5171, 390.88034pt x 308.80368pt>
File: immagini/fisica2/contornoEB.pdf Graphic file (type pdf)

<use immagini/fisica2/contornoEB.pdf> [232 <./immagini/fisica2/contornoEB.pdf>]

Package hyperref Warning: Token not allowed in a PDFDocEncoded string,
(hyperref)                removing `math shift' on input line 2384.


Package hyperref Warning: Token not allowed in a PDFDocEncoded string,
(hyperref)                removing `math shift' on input line 2384.

<immagini/fisica2/contornoEB2.pdf, id=5193, 516.50969pt x 237.6077pt>
File: immagini/fisica2/contornoEB2.pdf Graphic file (type pdf)

<use immagini/fisica2/contornoEB2.pdf> [233 <./immagini/fisica2/contornoEB2.pdf
>] [234] [235]
Capitolo 18.
[236

] <xymatrix 5x6 326> [237] [238]

Package amsmath Warning: Cannot use `split' here;
(amsmath)                trying to recover with `aligned' on input line 2567.

[239] [240]

Package hyperref Warning: Token not allowed in a PDFDocEncoded string,
(hyperref)                removing `math shift' on input line 2633.


Package hyperref Warning: Token not allowed in a PDFDocEncoded string,
(hyperref)                removing `math shift' on input line 2633.

[241] [242]
Capitolo 19.
<immagini/fisica2/ind_spira01.pdf, id=5312, 745.84647pt x 707.14188pt>
File: immagini/fisica2/ind_spira01.pdf Graphic file (type pdf)

<use immagini/fisica2/ind_spira01.pdf> [243

 <./immagini/fisica2/ind_spira01.pdf>] [244] [245]
Overfull \hbox (11.90842pt too wide) in paragraph at lines 2782--2783
[]\OT1/cmr/m/n/12 Vogliamo cal-co-la-re l'au-
 []

[246] [247]

Package hyperref Warning: Token not allowed in a PDFDocEncoded string,
(hyperref)                removing `math shift' on input line 2848.


Package hyperref Warning: Token not allowed in a PDFDocEncoded string,
(hyperref)                removing `math shift' on input line 2848.

[248] [249]
Overfull \hbox (2.66727pt too wide) detected at line 2914
[] \OT1/cmr/m/n/12 = \OMS/cmsy/m/n/12 ^^@[] \OT1/cmr/m/n/12 = [] = [] = []
 []

[250]
Capitolo 20.
[251

] [252] [253] [254] [255] [256] [257]
<immagini/fisica2/RLC_01.pdf, id=5502, 963.6pt x 525.965pt>
File: immagini/fisica2/RLC_01.pdf Graphic file (type pdf)

<use immagini/fisica2/RLC_01.pdf>
Overfull \hbox (43.616pt too wide) in paragraph at lines 3214--3215
 [][] 
 []


Underfull \vbox (badness 1383) has occurred while \output is active []

 [258]
Underfull \vbox (badness 10000) has occurred while \output is active []

 [259 <./immagini/fisica2/RLC_01.pdf>] [260] [261]
<immagini/fisica2/coassiali_01.pdf, id=5571, 479.14008pt x 163.70158pt>
File: immagini/fisica2/coassiali_01.pdf Graphic file (type pdf)

<use immagini/fisica2/coassiali_01.pdf>
<immagini/fisica2/coassiali_02.pdf, id=5573, 206.25055pt x 206.25055pt>
File: immagini/fisica2/coassiali_02.pdf Graphic file (type pdf)

<use immagini/fisica2/coassiali_02.pdf>
<immagini/fisica2/coassiali_03.pdf, id=5575, 479.14008pt x 126.7134pt>
File: immagini/fisica2/coassiali_03.pdf Graphic file (type pdf)

<use immagini/fisica2/coassiali_03.pdf> [262 <./immagini/fisica2/coassiali_01.p
df>] [263 <./immagini/fisica2/coassiali_02.pdf> <./immagini/fisica2/coassiali_0
3.pdf>] [264] [265]
Capitolo 21.
[266

] <immagini/fisica2/faraday_spo.pdf, id=5665, 348.64252pt x 143.40576pt>
File: immagini/fisica2/faraday_spo.pdf Graphic file (type pdf)

<use immagini/fisica2/faraday_spo.pdf> [267 <./immagini/fisica2/faraday_spo.pdf
>]
Underfull \vbox (badness 3199) has occurred while \output is active []

 [268]
Overfull \hbox (8.09773pt too wide) in paragraph at lines 3550--3550
[]\OT1/cmr/bx/n/17.28 Conservazione del-l'e-ner-gia elet-tro-ma-gne-
 []

[269] [270] [271] [272]

Package hyperref Warning: Token not allowed in a PDFDocEncoded string,
(hyperref)                removing `math shift' on input line 3682.


Package hyperref Warning: Token not allowed in a PDFDocEncoded string,
(hyperref)                removing `math shift' on input line 3682.


Package hyperref Warning: Token not allowed in a PDFDocEncoded string,
(hyperref)                removing `math shift' on input line 3682.


Package hyperref Warning: Token not allowed in a PDFDocEncoded string,
(hyperref)                removing `\varphi' on input line 3682.


Package hyperref Warning: Token not allowed in a PDFDocEncoded string,
(hyperref)                removing `math shift' on input line 3682.

[273] [274] [275]
Capitolo 22.
[276

] [277] [278] [279] [280] [281] [282] [283]
Overfull \hbox (58.2485pt too wide) detected at line 4092
 []$[]\OT1/cmr/m/n/12 2\OML/cmm/m/it/12 e[]N\OT1/cmr/m/n/12 (\OML/cmm/m/it/12 !
[] \OMS/cmsy/m/n/12 ^^@ \OML/cmm/m/it/12 !\OT1/cmr/m/n/12 )(\OML/cmm/m/it/12 ![
] \OT1/cmr/m/n/12 + \OML/cmm/m/it/12 !\OT1/cmr/m/n/12 )(\OML/cmm/m/it/12 ^^M[]!
[] \OT1/cmr/m/n/12 + \OML/cmm/m/it/12 m"[]\OT1/cmr/m/n/12 (\OML/cmm/m/it/12 ![]
 \OMS/cmsy/m/n/12 ^^@ \OML/cmm/m/it/12 !\OT1/cmr/m/n/12 )[](\OML/cmm/m/it/12 ![
] \OT1/cmr/m/n/12 + \OML/cmm/m/it/12 !\OT1/cmr/m/n/12 )[] + (\OML/cmm/m/it/12 ^
^M[]![] \OT1/cmr/m/n/12 + \OML/cmm/m/it/12 m"[]\OT1/cmr/m/n/12 (\OML/cmm/m/it/1
2 ![] \OMS/cmsy/m/n/12 ^^@ \OML/cmm/m/it/12 !\OT1/cmr/m/n/12 )[](\OML/cmm/m/it/
12 ![] \OT1/cmr/m/n/12 + \OML/cmm/m/it/12 !\OT1/cmr/m/n/12 )[])[][][][][]$ []  

 []


Underfull \vbox (badness 4254) has occurred while \output is active []

 [284])
[285]
\openout2 = `TeX/fisica3.aux'.

 (./TeX/fisica3.tex [286



]
Capitolo 23.
[287

] [288]
Capitolo 24.
[289

] [290] [291] [292] [293] [294] [295] [296] [297] [298] [299] [300]
[301] [302] [303] [304]
Capitolo 25.

Underfull \vbox (badness 10000) has occurred while \output is active []

 [305

]
<immagini/fisica3/thomson01.pdf, id=6160, 530.74286pt x 297.2405pt>
File: immagini/fisica3/thomson01.pdf Graphic file (type pdf)

<use immagini/fisica3/thomson01.pdf> [306 <./immagini/fisica3/thomson01.pdf>]
[307] [308] [309]

Package amsmath Warning: Cannot use `split' here;
(amsmath)                trying to recover with `aligned' on input line 715.


Package amsmath Warning: Cannot use `split' here;
(amsmath)                trying to recover with `aligned' on input line 726.


Package amsmath Warning: Cannot use `split' here;
(amsmath)                trying to recover with `aligned' on input line 739.

[310]

Package amsmath Warning: Cannot use `split' here;
(amsmath)                trying to recover with `aligned' on input line 787.


Package amsmath Warning: Cannot use `split' here;
(amsmath)                trying to recover with `aligned' on input line 796.

[311]

Package amsmath Warning: Cannot use `split' here;
(amsmath)                trying to recover with `aligned' on input line 805.


Package amsmath Warning: Cannot use `split' here;
(amsmath)                trying to recover with `aligned' on input line 838.


Package amsmath Warning: Cannot use `split' here;
(amsmath)                trying to recover with `aligned' on input line 845.

[312]
Capitolo 26.
[313

] [314] [315] [316] [317] [318]
Overfull \hbox (26.48918pt too wide) in paragraph at lines 1056--1056
[] 
 []

[319] [320]
Capitolo 27.
[321

] [322] [323] [324] [325] [326]
<immagini/fisica3/calorispec.pdf, id=6413, 760.8425pt x 446.66875pt>
File: immagini/fisica3/calorispec.pdf Graphic file (type pdf)

<use immagini/fisica3/calorispec.pdf>
Overfull \hbox (66.50902pt too wide) in paragraph at lines 1263--1264
 [][] 
 []

[327 <./immagini/fisica3/calorispec.pdf>]
Capitolo 28.
[328

]
LaTeX Font Info:    Font shape `OMS/cmr/m/n' in size <10> not available
(Font)              Font shape `OMS/cmsy/m/n' tried instead on input line 1317.

 [329] [330] [331] [332] [333] [334] [335] [336]
Capitolo 29.
[337

] [338] [339] [340]
Capitolo 30.

Package hyperref Warning: Token not allowed in a PDFDocEncoded string,
(hyperref)                removing `math shift' on input line 1679.


Package hyperref Warning: Token not allowed in a PDFDocEncoded string,
(hyperref)                removing `\alpha' on input line 1679.


Package hyperref Warning: Token not allowed in a PDFDocEncoded string,
(hyperref)                removing `math shift' on input line 1679.


Underfull \vbox (badness 10000) has occurred while \output is active []

 [341

]
[342] [343] [344] [345] [346] [347]
Overfull \hbox (22.32277pt too wide) in paragraph at lines 1868--1869
\OT1/cmr/m/n/12 Per sti-ma-re il rag-gio nu-clea-re: sia $\OML/cmm/m/it/12 A$ \
OT1/cmr/m/n/12 il nu-me-ro di nu-cleo-ni $\OML/cmm/m/it/12 r[] \OMS/cmsy/m/n/12
 ' []$
 []

[348]
Capitolo 31.
[349

] [350] [351] [352]
Overfull \hbox (4.62915pt too wide) in paragraph at lines 2027--2028
[]
 []

[353] [354] [355] [356] [357]
<immagini/fisica3/precessione01.pdf, id=6758, 342.50963pt x 422.61891pt>
File: immagini/fisica3/precessione01.pdf Graphic file (type pdf)

<use immagini/fisica3/precessione01.pdf> [358 <./immagini/fisica3/precessione01
.pdf>] [359] [360]
Overfull \hbox (13.98904pt too wide) in paragraph at lines 2303--2304
[]\OT1/cmr/m/n/12 Calcoliamo quan-to va-
 []

[361] [362]) [363] (./TeX/costanti.tex
Appendice A.

LaTeX Warning: Citation `costanti' on page 364 undefined on input line 1.


Underfull \hbox (badness 2932) in paragraph at lines 21--21
[]\OT1/cmr/m/n/10.95 velocit^^Ra del-la lu-ce
 []


Underfull \hbox (badness 10000) in paragraph at lines 23--23
[]\OT1/cmr/m/n/10.95 Permeabilit^^Ra
 []


Underfull \hbox (badness 10000) in paragraph at lines 23--23
\OT1/cmr/m/n/10.95 ma-gne-ti-ca del
 []


Underfull \hbox (badness 10000) in paragraph at lines 23--24
[]$\OT1/cmr/m/n/10.95 4\OML/cmm/m/it/10.95 ^^Y \OMS/cmsy/m/n/10.95 ^^B \OT1/cmr
/m/n/10.95 10[] =
 []


Underfull \hbox (badness 10000) in paragraph at lines 41--41
[]\OT1/cmr/m/n/10.95 Massa di Planck
 []


Underfull \hbox (badness 10000) in paragraph at lines 43--44
[]\OT1/cmr/m/n/10.95 Lunghezza
 []


Underfull \hbox (badness 10000) in paragraph at lines 43--44
\OT1/cmr/m/n/10.95 di Planck
 []


Underfull \hbox (badness 7030) in paragraph at lines 46--47
[]\OT1/cmr/m/n/10.95 Tempo di Planck
 []


Overfull \hbox (39.43pt too wide) in paragraph at lines 20--50
[] 
 []


Underfull \vbox (badness 10000) has occurred while \output is active []

 [364


]
Underfull \hbox (badness 10000) in paragraph at lines 56--57
[]\OT1/cmr/m/n/10.95 Flusso ma-gne-ti-co
 []


Underfull \hbox (badness 1024) in paragraph at lines 59--59
[]\OT1/cmr/m/n/10.95 Conduttanza quan-
 []


Underfull \hbox (badness 4205) in paragraph at lines 61--62
[]\OT1/cmr/m/n/10.95 Inverso del-la con-
 []


Overfull \hbox (23.82123pt too wide) in paragraph at lines 53--80
[] 
 []


Underfull \vbox (badness 10000) has occurred while \output is active []

 [365]
Underfull \hbox (badness 6125) in paragraph at lines 89--90
[]\OT1/cmr/m/n/10.95 Costante di Ryd-
 []


Overfull \hbox (10.2155pt too wide) in paragraph at lines 84--98
[] 
 []


Package hyperref Warning: Token not allowed in a PDFDocEncoded string,
(hyperref)                removing `math shift' on input line 99.


Package hyperref Warning: Token not allowed in a PDFDocEncoded string,
(hyperref)                removing `superscript' on input line 99.


Package hyperref Warning: Token not allowed in a PDFDocEncoded string,
(hyperref)                removing `math shift' on input line 99.


Underfull \hbox (badness 10000) in paragraph at lines 126--126
[]\OT1/cmr/m/n/10.95 rapporto ca-ri-ca
 []


Overfull \hbox (32.88142pt too wide) in paragraph at lines 100--136
[] 
 []


Underfull \vbox (badness 10000) has occurred while \output is active []

 [366]

Package hyperref Warning: Token not allowed in a PDFDocEncoded string,
(hyperref)                removing `math shift' on input line 137.


Package hyperref Warning: Token not allowed in a PDFDocEncoded string,
(hyperref)                removing `\mu' on input line 137.


Package hyperref Warning: Token not allowed in a PDFDocEncoded string,
(hyperref)                removing `superscript' on input line 137.


Package hyperref Warning: Token not allowed in a PDFDocEncoded string,
(hyperref)                removing `math shift' on input line 137.


Overfull \hbox (5.96544pt too wide) in paragraph at lines 138--146
[] 
 []


Package hyperref Warning: Token not allowed in a PDFDocEncoded string,
(hyperref)                removing `math shift' on input line 147.


Package hyperref Warning: Token not allowed in a PDFDocEncoded string,
(hyperref)                removing `\tau' on input line 147.


Package hyperref Warning: Token not allowed in a PDFDocEncoded string,
(hyperref)                removing `superscript' on input line 147.


Package hyperref Warning: Token not allowed in a PDFDocEncoded string,
(hyperref)                removing `math shift' on input line 147.


Overfull \hbox (5.96544pt too wide) in paragraph at lines 148--151
[] 
 []


Underfull \hbox (badness 10000) in paragraph at lines 158--158
[]\OT1/cmr/m/n/10.95 rapporto mas-sa
 []


Underfull \hbox (badness 10000) in paragraph at lines 159--159
[]\OT1/cmr/m/n/10.95 rapporto mas-sa
 []


Underfull \hbox (badness 10000) in paragraph at lines 160--160
[]\OT1/cmr/m/n/10.95 rapporto
 []


Overfull \hbox (18.99127pt too wide) in paragraph at lines 155--162
[] 
 []


Underfull \vbox (badness 1895) has occurred while \output is active []

 [367]
Overfull \hbox (5.96544pt too wide) in paragraph at lines 164--168
[] 
 []


Package hyperref Warning: Token not allowed in a PDFDocEncoded string,
(hyperref)                removing `math shift' on input line 169.


Package hyperref Warning: Token not allowed in a PDFDocEncoded string,
(hyperref)                removing `\alpha' on input line 169.


Package hyperref Warning: Token not allowed in a PDFDocEncoded string,
(hyperref)                removing `math shift' on input line 169.


Underfull \hbox (badness 10000) in paragraph at lines 172--172
[]\OT1/cmr/m/n/10.95 rapporto mas-
 []


Underfull \hbox (badness 10000) in paragraph at lines 172--172
\OT1/cmr/m/n/10.95 sa par-ti-cel-la
 []


Overfull \hbox (5.96544pt too wide) in paragraph at lines 170--174
[] 
 []


Underfull \hbox (badness 1259) in paragraph at lines 180--180
[]\OT1/cmr/m/n/10.95 Numero di Avo-ga-
 []


Underfull \hbox (badness 7504) in paragraph at lines 182--183
[]\OT1/cmr/m/n/10.95 Costante di mas-
 []


Underfull \hbox (badness 1248) in paragraph at lines 182--183
\OT1/cmr/m/n/10.95 sa ato-mi-ca $\OML/cmm/m/it/10.95 m[] \OT1/cmr/m/n/10.95 =
 []


Underfull \hbox (badness 1824) in paragraph at lines 182--183
[]\OML/cmm/m/it/10.95 m[] \OT1/cmr/m/n/10.95 = 1u =
 []


Underfull \hbox (badness 3138) in paragraph at lines 185--186
[]\OT1/cmr/m/n/10.95 energia equi-va-len-te
 []


Underfull \hbox (badness 1460) in paragraph at lines 201--201
[]\OT1/cmr/m/n/10.95 Costante di Bol-tz-
 []

) (./TeX/astro.tex
Overfull \hbox (41.61496pt too wide) in paragraph at lines 179--1
[]
 []


Underfull \hbox (badness 10000) in paragraph at lines 179--1

 []


Underfull \vbox (badness 10000) has occurred while \output is active []

 [368]
[369]
Appendice B.
) (./TeX/momenti.tex
Overfull \hbox (9.87915pt too wide) in paragraph at lines 4--1
[]
 []


Underfull \hbox (badness 10000) in paragraph at lines 4--1

 []

[370

]
Appendice C.

Underfull \hbox (badness 1178) in paragraph at lines 18--19
[]\OT1/cmr/m/n/12 Guscio sfe-ri-co sot-ti-le ri-spet-to a un as-se
 []


Underfull \hbox (badness 2460) in paragraph at lines 21--22
[]\OT1/cmr/m/n/12 Lamina ret-tan-go-la-re ri-spet-to a un as-se
 []

) (./TeX/formule.tex [371

]
Appendice D.
[372

] [373]) [374] (./fisica_linux.bbl
Underfull \hbox (badness 2409) in paragraph at lines 30--33
[]\OT1/cmr/m/n/12 Pietro Cal-di-ro-la, Mar-cel-lo Fon-ta-ne-si, and Elio Sin-do
-ni.  \OT1/cmr/m/it/12 Elet-
 []


Underfull \hbox (badness 6608) in paragraph at lines 30--33
\OT1/cmr/m/it/12 tro-ma-gne-ti-smo -- par-te I e II\OT1/cmr/m/n/12 .  Col-la-na
 di fi-si-ca pu-ra e
 []

) (./fisica_linux.ind [375


] [376

]
Overfull \hbox (2.59265pt too wide) in paragraph at lines 131--132
[]| \OT1/cmr/m/n/12 del-le ca-ri-che di po-la-riz-za-zio-ne, [][]225[][] 
 []


Overfull \hbox (2.59265pt too wide) in paragraph at lines 134--135
[]| \OT1/cmr/m/n/12 del-le ca-ri-che di po-la-riz-za-zio-ne, [][]225[][] 
 []

[377] [378] [379] [380] [381] [382] [383])



*******************************************************************************
*****************
RENDERING RIASSUNTI DI FISICA FINITO
*******************************************************************************
*****************
Magari ti e' andata bene



(./fisica_linux.aux (./TeX/fisica1_1modulo.aux) (./TeX/fisica1_2modulo.aux)
(./TeX/fisica2.aux) (./TeX/fisica3.aux))

LaTeX Warning: There were undefined references.

 ) 
Here is how much of TeX's memory you used:
 11619 strings out of 94086
 156893 string characters out of 1167700
 218832 words of memory out of 3500000
 12084 multiletter control sequences out of 10000+50000
 55894 words of font info for 189 fonts, out of 1200000 for 2000
 645 hyphenation exceptions out of 8191
 29i,25n,45p,1284b,487s stack positions out of 5000i,500n,6000p,200000b,5000s
{/usr/share/texmf/fonts/enc/dvips/ai/aimsam.enc}{/usr/share/texmf/fonts/enc/d
vips/ai/aicmsy.enc}{/usr/share/texmf/fonts/enc/dvips/ai/aicmmi.enc}{/usr/share/
texmf/fonts/enc/dvips/ai/aicmtextf.enc}{/usr/share/texmf/fonts/enc/dvips/ai/aic
mitext.enc}{/usr/share/texmf/fonts/enc/dvips/ai/aicmtext.enc}{/usr/share/texmf/
fonts/enc/dvips/ai/aicmex.enc}{/usr/share/texmf/fonts/enc/dvips/ai/aimsbm.enc}{
/usr/share/texmf/fonts/enc/dvips/ai/aieurm.enc}{/usr/share/texmf/fonts/enc/dvip
s/base/8r.enc}{/usr/share/texmf/fonts/enc/dvips/ai/aicmttext.enc}</usr/share/te
xmf/fonts/type1/bluesky/cm/cmbsy10.pfb></usr/share/texmf/fonts/type1/bluesky/am
s/cmbsy7.pfb></usr/share/texmf/fonts/type1/bluesky/cm/cmbx10.pfb></usr/share/te
xmf/fonts/type1/bluesky/cm/cmbx12.pfb></usr/share/texmf/fonts/type1/bluesky/cm/
cmbx8.pfb></usr/share/texmf/fonts/type1/bluesky/cm/cmex10.pfb></usr/share/texmf
/fonts/type1/bluesky/cm/cmmi10.pfb></usr/share/texmf/fonts/type1/bluesky/cm/cmm
i12.pfb></usr/share/texmf/fonts/type1/bluesky/cm/cmmi5.pfb></usr/share/texmf/fo
nts/type1/bluesky/cm/cmmi6.pfb></usr/share/texmf/fonts/type1/bluesky/cm/cmmi7.p
fb></usr/share/texmf/fonts/type1/bluesky/cm/cmmi8.pfb></usr/share/texmf/fonts/t
ype1/bluesky/cm/cmmib10.pfb></usr/share/texmf/fonts/type1/bluesky/ams/cmmib7.pf
b></usr/share/texmf/fonts/type1/bluesky/cm/cmr10.pfb></usr/share/texmf/fonts/ty
pe1/bluesky/cm/cmr12.pfb></usr/share/texmf/fonts/type1/bluesky/cm/cmr17.pfb></u
sr/share/texmf/fonts/type1/bluesky/cm/cmr5.pfb></usr/share/texmf/fonts/type1/bl
uesky/cm/cmr6.pfb></usr/share/texmf/fonts/type1/bluesky/cm/cmr7.pfb></usr/share
/texmf/fonts/type1/bluesky/cm/cmr8.pfb></usr/share/texmf/fonts/type1/bluesky/cm
/cmsl10.pfb></usr/share/texmf/fonts/type1/bluesky/cm/cmsl12.pfb></usr/share/tex
mf/fonts/type1/bluesky/cm/cmss12.pfb></usr/share/texmf/fonts/type1/bluesky/cm/c
mssi12.pfb></usr/share/texmf/fonts/type1/bluesky/cm/cmssi8.pfb></usr/share/texm
f/fonts/type1/bluesky/cm/cmsy10.pfb></usr/share/texmf/fonts/type1/bluesky/cm/cm
sy6.pfb></usr/share/texmf/fonts/type1/bluesky/cm/cmsy7.pfb></usr/share/texmf/fo
nts/type1/bluesky/cm/cmsy8.pfb></usr/share/texmf/fonts/type1/bluesky/cm/cmti12.
pfb></usr/share/texmf/fonts/type1/bluesky/cm/cmti8.pfb></usr/share/texmf/fonts/
type1/bluesky/cm/cmtt10.pfb></usr/share/texmf/fonts/type1/bluesky/ams/eurm10.pf
b></usr/share/texmf/fonts/type1/public/cmex/fmex8.pfb></usr/share/texmf/fonts/t
ype1/bluesky/ams/msam10.pfb></usr/share/texmf/fonts/type1/bluesky/ams/msbm10.pf
b></usr/share/texmf/fonts/type1/bluesky/ams/msbm7.pfb></usr/share/texmf/fonts/t
ype1/urw/palatino/uplb8a.pfb></usr/share/texmf/fonts/type1/public/xypic/xyatip1
0.pfb></usr/share/texmf/fonts/type1/public/xypic/xybtip10.pfb></usr/share/texmf
/fonts/type1/public/xypic/xydash10.pfb>
Output written on fisica_linux.pdf (399 pages, 3791441 bytes).
PDF statistics:
 8145 PDF objects out of 8907 (max. 8388607)
 2371 named destinations out of 2487 (max. 131072)
 4208 words of extra memory for PDF output out of 10000 (max. 10000000)

